----------------------------------------
Begin Torque Prologue on nid25261
at Sun Nov  3 21:06:35 CST 2019
Job Id:			10593909.bw
Username:		tra200
Group:			TRAIN_bayw
Job name:		mp7_p1_2
Requested resources:	nodes=01:ppn=16:xk,walltime=45:00:00,neednodes=01:ppn=16:xk
Queue:			normal
Account:		bayw
End Torque Prologue:  0.128 elapsed
----------------------------------------




Files already downloaded and verified
0 0 6.84 -0.01 -0.52 2.54 2.61 9.38
0 50 1.56 2.75 4.36 2.33 2.38 12.62
0 100 1.25 1.89 3.33 2.32 2.39 13.64
0 150 1.07 1.49 2.73 2.28 2.40 15.17
0 200 0.96 1.32 2.45 2.25 2.40 16.41
0 250 0.87 1.34 2.38 2.23 2.40 17.48
0 300 0.81 1.48 2.42 2.21 2.39 18.60
0 350 0.76 1.59 2.44 2.18 2.38 19.79
Testing 31.022547468354432
1 0 0.71 1.64 2.44 2.17 2.37 20.63
1 50 0.66 1.73 2.47 2.14 2.34 21.76
1 100 0.63 1.75 2.44 2.12 2.29 22.65
1 150 0.60 1.79 2.45 2.10 2.23 23.56
1 200 0.57 1.80 2.43 2.08 2.16 24.43
1 250 0.54 1.81 2.43 2.06 2.08 25.17
1 300 0.52 1.82 2.43 2.05 1.99 25.84
1 350 0.50 1.85 2.44 2.03 1.90 26.54
Testing 37.984572784810126
2 0 0.48 1.85 2.44 2.02 1.84 27.04
2 50 0.47 1.87 2.44 2.01 1.76 27.61
2 100 0.46 1.87 2.43 2.00 1.70 28.18
2 150 0.44 1.85 2.41 1.99 1.63 28.71
2 200 0.43 1.81 2.37 1.98 1.58 29.16
2 250 0.42 1.79 2.33 1.97 1.53 29.61
2 300 0.41 1.76 2.29 1.96 1.49 30.04
2 350 0.40 1.72 2.25 1.95 1.44 30.52
Testing 43.86867088607595
3 0 0.40 1.70 2.22 1.94 1.41 30.85
3 50 0.39 1.65 2.16 1.93 1.37 31.29
3 100 0.38 1.60 2.11 1.92 1.34 31.73
3 150 0.37 1.56 2.07 1.91 1.31 32.10
3 200 0.37 1.53 2.03 1.90 1.28 32.43
3 250 0.36 1.50 1.99 1.89 1.25 32.78
3 300 0.36 1.47 1.96 1.88 1.23 33.19
3 350 0.35 1.44 1.92 1.87 1.20 33.52
Testing 47.32001582278481
4 0 0.35 1.42 1.90 1.87 1.18 33.78
4 50 0.34 1.40 1.87 1.86 1.16 34.13
4 100 0.34 1.38 1.85 1.85 1.14 34.44
4 150 0.33 1.37 1.83 1.84 1.12 34.73
4 200 0.33 1.34 1.80 1.83 1.10 35.05
4 250 0.32 1.32 1.77 1.82 1.08 35.33
4 300 0.32 1.28 1.73 1.82 1.06 35.62
4 350 0.32 1.26 1.71 1.81 1.05 35.89
Testing 49.60443037974684
5 0 0.31 1.24 1.69 1.80 1.03 36.12
5 50 0.31 1.21 1.66 1.79 1.02 36.44
5 100 0.31 1.20 1.64 1.79 1.01 36.71
5 150 0.30 1.17 1.61 1.78 0.99 36.97
5 200 0.30 1.15 1.59 1.77 0.98 37.25
5 250 0.30 1.13 1.57 1.77 0.96 37.51
5 300 0.30 1.12 1.55 1.76 0.95 37.78
5 350 0.29 1.10 1.53 1.75 0.94 38.01
Testing 50.98892405063291
6 0 0.29 1.08 1.51 1.75 0.93 38.21
6 50 0.29 1.06 1.49 1.74 0.92 38.47
6 100 0.29 1.04 1.46 1.73 0.91 38.72
6 150 0.29 1.01 1.44 1.73 0.90 38.95
6 200 0.28 0.99 1.41 1.72 0.89 39.19
6 250 0.28 0.96 1.39 1.71 0.88 39.44
6 300 0.28 0.95 1.37 1.71 0.87 39.66
6 350 0.28 0.93 1.35 1.70 0.86 39.89
Testing 52.50197784810127
7 0 0.27 0.92 1.34 1.70 0.85 40.04
7 50 0.27 0.91 1.32 1.69 0.84 40.25
7 100 0.27 0.88 1.30 1.69 0.84 40.45
7 150 0.27 0.86 1.28 1.68 0.83 40.66
7 200 0.27 0.84 1.25 1.68 0.82 40.88
7 250 0.27 0.81 1.23 1.67 0.81 41.06
7 300 0.26 0.79 1.21 1.67 0.80 41.26
7 350 0.26 0.77 1.18 1.66 0.80 41.47
Testing 53.401898734177216
8 0 0.26 0.75 1.16 1.66 0.79 41.63
8 50 0.26 0.73 1.14 1.65 0.78 41.84
8 100 0.26 0.71 1.12 1.64 0.78 42.02
8 150 0.26 0.69 1.11 1.64 0.77 42.21
8 200 0.26 0.67 1.09 1.63 0.76 42.39
8 250 0.25 0.65 1.07 1.63 0.76 42.57
8 300 0.25 0.63 1.05 1.62 0.75 42.75
8 350 0.25 0.62 1.03 1.62 0.74 42.93
Testing 56.58623417721519
9 0 0.25 0.60 1.01 1.62 0.74 43.07
9 50 0.25 0.58 0.99 1.61 0.73 43.26
9 100 0.25 0.56 0.97 1.61 0.73 43.44
9 150 0.25 0.54 0.95 1.60 0.72 43.61
9 200 0.25 0.53 0.94 1.60 0.72 43.78
9 250 0.24 0.51 0.92 1.59 0.71 43.93
9 300 0.24 0.50 0.91 1.59 0.71 44.10
9 350 0.24 0.49 0.90 1.58 0.70 44.26
Testing 59.02887658227848
10 0 0.24 0.48 0.88 1.58 0.70 44.39
10 50 0.24 0.46 0.87 1.58 0.69 44.55
10 100 0.24 0.44 0.85 1.57 0.69 44.71
10 150 0.24 0.43 0.84 1.57 0.68 44.87
10 200 0.24 0.41 0.82 1.56 0.68 45.03
10 250 0.24 0.40 0.81 1.56 0.67 45.19
10 300 0.24 0.39 0.80 1.55 0.67 45.35
10 350 0.23 0.38 0.79 1.55 0.67 45.49
Testing 56.84335443037975
11 0 0.23 0.37 0.78 1.55 0.66 45.61
11 50 0.23 0.36 0.76 1.54 0.66 45.76
11 100 0.23 0.34 0.75 1.54 0.65 45.91
11 150 0.23 0.33 0.73 1.53 0.65 46.06
11 200 0.23 0.31 0.71 1.53 0.65 46.20
11 250 0.23 0.29 0.70 1.53 0.64 46.36
11 300 0.23 0.28 0.68 1.52 0.64 46.50
11 350 0.23 0.26 0.67 1.52 0.63 46.63
Testing 58.33662974683544
12 0 0.23 0.25 0.66 1.51 0.63 46.74
12 50 0.23 0.24 0.64 1.51 0.63 46.89
12 100 0.22 0.22 0.62 1.51 0.62 47.02
12 150 0.22 0.21 0.61 1.50 0.62 47.16
12 200 0.22 0.20 0.60 1.50 0.62 47.29
12 250 0.22 0.19 0.59 1.50 0.61 47.42
12 300 0.22 0.17 0.58 1.49 0.61 47.54
12 350 0.22 0.16 0.56 1.49 0.61 47.68
Testing 62.00553797468354
13 0 0.22 0.15 0.55 1.49 0.60 47.79
13 50 0.22 0.14 0.54 1.48 0.60 47.92
13 100 0.22 0.13 0.53 1.48 0.60 48.04
13 150 0.22 0.12 0.52 1.47 0.59 48.18
13 200 0.22 0.11 0.51 1.47 0.59 48.31
13 250 0.22 0.09 0.49 1.47 0.59 48.43
13 300 0.22 0.08 0.48 1.46 0.59 48.55
13 350 0.22 0.06 0.46 1.46 0.58 48.68
Testing 62.67800632911393
14 0 0.22 0.05 0.45 1.46 0.58 48.77
14 50 0.21 0.04 0.44 1.45 0.58 48.89
14 100 0.21 0.03 0.43 1.45 0.58 49.02
14 150 0.21 0.01 0.42 1.45 0.57 49.14
14 200 0.21 0.00 0.40 1.44 0.57 49.26
14 250 0.21 -0.01 0.39 1.44 0.57 49.38
14 300 0.21 -0.02 0.38 1.44 0.56 49.51
14 350 0.21 -0.04 0.36 1.44 0.56 49.61
Testing 63.26147151898734
15 0 0.21 -0.05 0.35 1.43 0.56 49.71
15 50 0.21 -0.06 0.34 1.43 0.56 49.82
15 100 0.21 -0.08 0.32 1.43 0.55 49.92
15 150 0.21 -0.09 0.31 1.42 0.55 50.03
15 200 0.21 -0.10 0.30 1.42 0.55 50.15
15 250 0.21 -0.12 0.29 1.42 0.55 50.27
15 300 0.21 -0.13 0.27 1.41 0.54 50.38
15 350 0.21 -0.14 0.26 1.41 0.54 50.48
Testing 65.36787974683544
16 0 0.21 -0.15 0.25 1.41 0.54 50.57
16 50 0.21 -0.16 0.24 1.41 0.54 50.68
16 100 0.21 -0.18 0.23 1.40 0.54 50.78
16 150 0.20 -0.19 0.21 1.40 0.53 50.88
16 200 0.20 -0.20 0.20 1.40 0.53 50.98
16 250 0.20 -0.21 0.20 1.39 0.53 51.08
16 300 0.20 -0.22 0.18 1.39 0.53 51.18
16 350 0.20 -0.22 0.18 1.39 0.52 51.29
Testing 65.0810917721519
17 0 0.20 -0.23 0.17 1.39 0.52 51.37
17 50 0.20 -0.24 0.16 1.38 0.52 51.48
17 100 0.20 -0.25 0.15 1.38 0.52 51.57
17 150 0.20 -0.26 0.14 1.38 0.52 51.67
17 200 0.20 -0.27 0.13 1.37 0.51 51.77
17 250 0.20 -0.28 0.12 1.37 0.51 51.87
17 300 0.20 -0.29 0.11 1.37 0.51 51.97
17 350 0.20 -0.30 0.10 1.37 0.51 52.07
Testing 60.80893987341772
18 0 0.20 -0.31 0.09 1.36 0.51 52.14
18 50 0.20 -0.32 0.08 1.36 0.50 52.23
18 100 0.20 -0.33 0.07 1.36 0.50 52.33
18 150 0.20 -0.34 0.06 1.36 0.50 52.42
18 200 0.20 -0.35 0.05 1.35 0.50 52.52
18 250 0.20 -0.36 0.04 1.35 0.50 52.61
18 300 0.20 -0.37 0.03 1.35 0.49 52.71
18 350 0.20 -0.38 0.03 1.35 0.49 52.79
Testing 68.18631329113924
19 0 0.20 -0.38 0.02 1.34 0.49 52.86
19 50 0.19 -0.39 0.01 1.34 0.49 52.96
19 100 0.19 -0.40 0.00 1.34 0.49 53.05
19 150 0.19 -0.40 -0.00 1.34 0.49 53.13
19 200 0.19 -0.41 -0.01 1.33 0.48 53.22
19 250 0.19 -0.42 -0.02 1.33 0.48 53.30
19 300 0.19 -0.43 -0.03 1.33 0.48 53.39
19 350 0.19 -0.43 -0.03 1.33 0.48 53.48
Testing 68.54232594936708
20 0 0.19 -0.44 -0.04 1.32 0.48 53.55
20 50 0.19 -0.45 -0.04 1.32 0.48 53.64
20 100 0.19 -0.45 -0.05 1.32 0.47 53.72
20 150 0.19 -0.46 -0.06 1.32 0.47 53.81
20 200 0.19 -0.47 -0.07 1.32 0.47 53.89
20 250 0.19 -0.47 -0.07 1.31 0.47 53.98
20 300 0.19 -0.48 -0.08 1.31 0.47 54.06
20 350 0.19 -0.49 -0.09 1.31 0.47 54.14
Testing 65.09098101265823
21 0 0.19 -0.50 -0.09 1.31 0.46 54.21
21 50 0.19 -0.50 -0.10 1.30 0.46 54.29
21 100 0.19 -0.51 -0.11 1.30 0.46 54.38
21 150 0.19 -0.52 -0.12 1.30 0.46 54.45
21 200 0.19 -0.52 -0.12 1.30 0.46 54.53
21 250 0.19 -0.53 -0.13 1.30 0.46 54.61
21 300 0.19 -0.54 -0.14 1.29 0.46 54.69
21 350 0.19 -0.55 -0.14 1.29 0.45 54.77
Testing 65.5557753164557
22 0 0.19 -0.55 -0.15 1.29 0.45 54.83
22 50 0.19 -0.56 -0.16 1.29 0.45 54.91
22 100 0.19 -0.56 -0.16 1.28 0.45 54.98
22 150 0.19 -0.57 -0.17 1.28 0.45 55.06
22 200 0.18 -0.58 -0.18 1.28 0.45 55.14
22 250 0.18 -0.58 -0.18 1.28 0.45 55.21
22 300 0.18 -0.59 -0.19 1.28 0.44 55.28
22 350 0.18 -0.59 -0.19 1.27 0.44 55.36
Testing 65.46677215189874
23 0 0.18 -0.60 -0.20 1.27 0.44 55.42
23 50 0.18 -0.61 -0.20 1.27 0.44 55.50
23 100 0.18 -0.61 -0.21 1.27 0.44 55.57
23 150 0.18 -0.62 -0.22 1.27 0.44 55.64
23 200 0.18 -0.63 -0.22 1.26 0.44 55.71
23 250 0.18 -0.63 -0.23 1.26 0.43 55.78
23 300 0.18 -0.64 -0.24 1.26 0.43 55.85
23 350 0.18 -0.64 -0.24 1.26 0.43 55.92
Testing 69.14556962025317
24 0 0.18 -0.65 -0.25 1.26 0.43 55.98
24 50 0.18 -0.65 -0.25 1.26 0.43 56.05
24 100 0.18 -0.66 -0.26 1.25 0.43 56.13
24 150 0.18 -0.66 -0.26 1.25 0.43 56.19
24 200 0.18 -0.67 -0.27 1.25 0.43 56.26
24 250 0.18 -0.67 -0.27 1.25 0.43 56.33
24 300 0.18 -0.68 -0.28 1.25 0.42 56.40
24 350 0.18 -0.68 -0.28 1.24 0.42 56.46
Testing 70.9948575949367
25 0 0.18 -0.69 -0.29 1.24 0.42 56.51
25 50 0.18 -0.69 -0.29 1.24 0.42 56.58
25 100 0.18 -0.70 -0.30 1.24 0.42 56.65
25 150 0.18 -0.70 -0.30 1.24 0.42 56.72
25 200 0.18 -0.71 -0.31 1.23 0.42 56.79
25 250 0.18 -0.72 -0.31 1.23 0.42 56.85
25 300 0.18 -0.72 -0.32 1.23 0.41 56.92
25 350 0.18 -0.73 -0.33 1.23 0.41 56.98
Testing 70.72784810126582
26 0 0.18 -0.73 -0.33 1.23 0.41 57.03
26 50 0.18 -0.74 -0.33 1.23 0.41 57.10
26 100 0.18 -0.74 -0.34 1.22 0.41 57.17
26 150 0.18 -0.75 -0.34 1.22 0.41 57.23
26 200 0.18 -0.75 -0.35 1.22 0.41 57.29
26 250 0.18 -0.76 -0.35 1.22 0.41 57.35
26 300 0.17 -0.76 -0.36 1.22 0.41 57.42
26 350 0.17 -0.76 -0.36 1.21 0.41 57.48
Testing 71.4695411392405
27 0 0.17 -0.77 -0.36 1.21 0.40 57.53
27 50 0.17 -0.77 -0.37 1.21 0.40 57.60
27 100 0.17 -0.78 -0.38 1.21 0.40 57.66
27 150 0.17 -0.79 -0.38 1.21 0.40 57.72
27 200 0.17 -0.79 -0.39 1.21 0.40 57.78
27 250 0.17 -0.79 -0.39 1.20 0.40 57.84
27 300 0.17 -0.80 -0.40 1.20 0.40 57.90
27 350 0.17 -0.81 -0.40 1.20 0.40 57.96
Testing 72.3496835443038
28 0 0.17 -0.81 -0.41 1.20 0.40 58.01
28 50 0.17 -0.81 -0.41 1.20 0.40 58.07
28 100 0.17 -0.82 -0.41 1.20 0.39 58.13
28 150 0.17 -0.82 -0.42 1.20 0.39 58.19
28 200 0.17 -0.83 -0.42 1.19 0.39 58.24
28 250 0.17 -0.83 -0.43 1.19 0.39 58.30
28 300 0.17 -0.84 -0.43 1.19 0.39 58.36
28 350 0.17 -0.84 -0.44 1.19 0.39 58.42
Testing 71.12341772151899
29 0 0.17 -0.84 -0.44 1.19 0.39 58.47
29 50 0.17 -0.85 -0.44 1.19 0.39 58.52
29 100 0.17 -0.85 -0.45 1.18 0.39 58.58
29 150 0.17 -0.85 -0.45 1.18 0.39 58.65
29 200 0.17 -0.86 -0.45 1.18 0.38 58.70
29 250 0.17 -0.86 -0.46 1.18 0.38 58.76
29 300 0.17 -0.87 -0.46 1.18 0.38 58.81
29 350 0.17 -0.87 -0.47 1.18 0.38 58.87
Testing 71.81566455696202
30 0 0.17 -0.87 -0.47 1.17 0.38 58.91
30 50 0.17 -0.88 -0.47 1.17 0.38 58.97
30 100 0.17 -0.88 -0.48 1.17 0.38 59.03
30 150 0.17 -0.88 -0.48 1.17 0.38 59.09
30 200 0.17 -0.89 -0.48 1.17 0.38 59.14
30 250 0.17 -0.89 -0.49 1.17 0.38 59.20
30 300 0.17 -0.90 -0.49 1.17 0.38 59.25
30 350 0.17 -0.90 -0.49 1.16 0.38 59.30
Testing 69.24446202531645
31 0 0.17 -0.90 -0.50 1.16 0.37 59.35
31 50 0.17 -0.91 -0.50 1.16 0.37 59.40
31 100 0.17 -0.91 -0.51 1.16 0.37 59.45
31 150 0.17 -0.91 -0.51 1.16 0.37 59.51
31 200 0.17 -0.92 -0.51 1.16 0.37 59.56
31 250 0.17 -0.92 -0.52 1.16 0.37 59.61
31 300 0.17 -0.93 -0.52 1.15 0.37 59.67
31 350 0.17 -0.93 -0.53 1.15 0.37 59.72
Testing 72.53757911392405
32 0 0.17 -0.94 -0.53 1.15 0.37 59.76
32 50 0.17 -0.94 -0.53 1.15 0.37 59.81
32 100 0.16 -0.94 -0.54 1.15 0.37 59.86
32 150 0.16 -0.95 -0.54 1.15 0.37 59.92
32 200 0.16 -0.95 -0.54 1.15 0.37 59.97
32 250 0.16 -0.95 -0.54 1.14 0.36 60.02
32 300 0.16 -0.95 -0.55 1.14 0.36 60.07
32 350 0.16 -0.96 -0.55 1.14 0.36 60.12
Testing 71.99367088607595
33 0 0.16 -0.96 -0.55 1.14 0.36 60.16
33 50 0.16 -0.96 -0.56 1.14 0.36 60.20
33 100 0.16 -0.97 -0.56 1.14 0.36 60.25
33 150 0.16 -0.97 -0.57 1.14 0.36 60.30
33 200 0.16 -0.98 -0.57 1.13 0.36 60.35
33 250 0.16 -0.98 -0.57 1.13 0.36 60.40
33 300 0.16 -0.98 -0.58 1.13 0.36 60.45
33 350 0.16 -0.99 -0.58 1.13 0.36 60.50
Testing 73.58583860759494
34 0 0.16 -0.99 -0.58 1.13 0.36 60.54
34 50 0.16 -1.00 -0.59 1.13 0.36 60.58
34 100 0.16 -1.00 -0.59 1.13 0.35 60.64
34 150 0.16 -1.00 -0.59 1.13 0.35 60.68
34 200 0.16 -1.00 -0.60 1.12 0.35 60.73
34 250 0.16 -1.01 -0.60 1.12 0.35 60.77
34 300 0.16 -1.01 -0.61 1.12 0.35 60.82
34 350 0.16 -1.02 -0.61 1.12 0.35 60.87
Testing 72.42879746835443
35 0 0.16 -1.02 -0.61 1.12 0.35 60.90
35 50 0.16 -1.02 -0.62 1.12 0.35 60.95
35 100 0.16 -1.03 -0.62 1.12 0.35 61.00
35 150 0.16 -1.03 -0.62 1.12 0.35 61.05
35 200 0.16 -1.03 -0.63 1.11 0.35 61.09
35 250 0.16 -1.04 -0.63 1.11 0.35 61.14
35 300 0.16 -1.04 -0.63 1.11 0.35 61.18
35 350 0.16 -1.04 -0.64 1.11 0.35 61.23
Testing 73.32871835443038
36 0 0.16 -1.05 -0.64 1.11 0.35 61.26
36 50 0.16 -1.05 -0.65 1.11 0.34 61.31
36 100 0.16 -1.06 -0.65 1.11 0.34 61.35
36 150 0.16 -1.06 -0.65 1.11 0.34 61.40
36 200 0.16 -1.06 -0.65 1.10 0.34 61.45
36 250 0.16 -1.06 -0.66 1.10 0.34 61.49
36 300 0.16 -1.07 -0.66 1.10 0.34 61.53
36 350 0.16 -1.07 -0.66 1.10 0.34 61.58
Testing 74.7626582278481
37 0 0.16 -1.07 -0.67 1.10 0.34 61.61
37 50 0.16 -1.08 -0.67 1.10 0.34 61.66
37 100 0.16 -1.08 -0.67 1.10 0.34 61.70
37 150 0.16 -1.08 -0.68 1.10 0.34 61.75
37 200 0.16 -1.09 -0.68 1.09 0.34 61.80
37 250 0.16 -1.09 -0.68 1.09 0.34 61.84
37 300 0.16 -1.09 -0.69 1.09 0.34 61.88
37 350 0.16 -1.10 -0.69 1.09 0.34 61.92
Testing 73.8132911392405
38 0 0.16 -1.10 -0.69 1.09 0.34 61.96
38 50 0.16 -1.10 -0.69 1.09 0.33 62.00
38 100 0.16 -1.10 -0.70 1.09 0.33 62.05
38 150 0.16 -1.11 -0.70 1.09 0.33 62.09
38 200 0.16 -1.11 -0.71 1.08 0.33 62.13
38 250 0.16 -1.12 -0.71 1.08 0.33 62.17
38 300 0.16 -1.12 -0.71 1.08 0.33 62.21
38 350 0.16 -1.12 -0.71 1.08 0.33 62.26
Testing 73.28916139240506
39 0 0.16 -1.12 -0.72 1.08 0.33 62.29
39 50 0.16 -1.13 -0.72 1.08 0.33 62.33
39 100 0.16 -1.13 -0.72 1.08 0.33 62.37
39 150 0.15 -1.14 -0.73 1.08 0.33 62.41
39 200 0.15 -1.14 -0.73 1.08 0.33 62.45
39 250 0.15 -1.14 -0.74 1.07 0.33 62.49
39 300 0.15 -1.15 -0.74 1.07 0.33 62.54
39 350 0.15 -1.15 -0.74 1.07 0.33 62.58
Testing 73.47705696202532
40 0 0.15 -1.15 -0.75 1.07 0.33 62.61
40 50 0.15 -1.16 -0.75 1.07 0.33 62.66
40 100 0.15 -1.16 -0.75 1.07 0.33 62.69
40 150 0.15 -1.16 -0.76 1.07 0.32 62.74
40 200 0.15 -1.17 -0.76 1.07 0.32 62.78
40 250 0.15 -1.17 -0.76 1.07 0.32 62.82
40 300 0.15 -1.17 -0.77 1.06 0.32 62.85
40 350 0.15 -1.18 -0.77 1.06 0.32 62.89
Testing 74.3176424050633
41 0 0.15 -1.18 -0.77 1.06 0.32 62.92
41 50 0.15 -1.18 -0.77 1.06 0.32 62.96
41 100 0.15 -1.18 -0.78 1.06 0.32 63.00
41 150 0.15 -1.19 -0.78 1.06 0.32 63.04
41 200 0.15 -1.19 -0.78 1.06 0.32 63.08
41 250 0.15 -1.19 -0.79 1.06 0.32 63.12
41 300 0.15 -1.20 -0.79 1.06 0.32 63.16
41 350 0.15 -1.20 -0.79 1.05 0.32 63.20
Testing 75.18789556962025
42 0 0.15 -1.20 -0.79 1.05 0.32 63.23
42 50 0.15 -1.20 -0.80 1.05 0.32 63.27
42 100 0.15 -1.21 -0.80 1.05 0.32 63.31
42 150 0.15 -1.21 -0.80 1.05 0.32 63.35
42 200 0.15 -1.21 -0.80 1.05 0.32 63.38
42 250 0.15 -1.21 -0.81 1.05 0.31 63.42
42 300 0.15 -1.22 -0.81 1.05 0.31 63.45
42 350 0.15 -1.22 -0.81 1.05 0.31 63.49
Testing 75.75158227848101
43 0 0.15 -1.22 -0.82 1.05 0.31 63.52
43 50 0.15 -1.23 -0.82 1.04 0.31 63.55
43 100 0.15 -1.23 -0.82 1.04 0.31 63.59
43 150 0.15 -1.23 -0.83 1.04 0.31 63.63
43 200 0.15 -1.24 -0.83 1.04 0.31 63.67
43 250 0.15 -1.24 -0.83 1.04 0.31 63.71
43 300 0.15 -1.24 -0.83 1.04 0.31 63.74
43 350 0.15 -1.24 -0.83 1.04 0.31 63.78
Testing 75.05933544303798
44 0 0.15 -1.24 -0.84 1.04 0.31 63.80
44 50 0.15 -1.25 -0.84 1.04 0.31 63.84
44 100 0.15 -1.24 -0.83 1.04 0.31 63.84
44 150 0.15 -1.22 -0.82 1.04 0.31 63.79
44 200 0.15 -1.21 -0.80 1.04 0.31 63.82
44 250 0.15 -1.20 -0.80 1.04 0.31 63.85
44 300 0.15 -1.20 -0.80 1.04 0.31 63.88
44 350 0.15 -1.20 -0.80 1.03 0.31 63.92
Testing 73.73417721518987
45 0 0.15 -1.20 -0.80 1.03 0.31 63.94
45 50 0.15 -1.20 -0.80 1.03 0.31 63.98
45 100 0.15 -1.20 -0.80 1.03 0.31 64.01
45 150 0.15 -1.20 -0.80 1.03 0.31 64.05
45 200 0.15 -1.20 -0.80 1.03 0.31 64.09
45 250 0.15 -1.21 -0.80 1.03 0.31 64.12
45 300 0.15 -1.21 -0.80 1.03 0.31 64.16
45 350 0.15 -1.21 -0.80 1.03 0.31 64.19
Testing 75.95925632911393
46 0 0.15 -1.21 -0.81 1.03 0.31 64.22
46 50 0.15 -1.21 -0.81 1.02 0.31 64.25
46 100 0.15 -1.21 -0.81 1.02 0.30 64.29
46 150 0.15 -1.21 -0.81 1.02 0.30 64.32
46 200 0.15 -1.22 -0.81 1.02 0.30 64.36
46 250 0.15 -1.22 -0.81 1.02 0.30 64.39
46 300 0.15 -1.22 -0.81 1.02 0.30 64.42
46 350 0.15 -1.22 -0.82 1.02 0.30 64.46
Testing 74.96044303797468
47 0 0.15 -1.22 -0.82 1.02 0.30 64.49
47 50 0.15 -1.22 -0.82 1.02 0.30 64.52
47 100 0.15 -1.23 -0.82 1.02 0.30 64.55
47 150 0.15 -1.23 -0.82 1.02 0.30 64.59
47 200 0.15 -1.23 -0.82 1.01 0.30 64.62
47 250 0.15 -1.23 -0.83 1.01 0.30 64.66
47 300 0.15 -1.23 -0.83 1.01 0.30 64.69
47 350 0.15 -1.24 -0.83 1.01 0.30 64.72
Testing 74.97033227848101
48 0 0.15 -1.24 -0.83 1.01 0.30 64.75
48 50 0.15 -1.24 -0.84 1.01 0.30 64.78
48 100 0.15 -1.24 -0.84 1.01 0.30 64.82
48 150 0.15 -1.24 -0.84 1.01 0.30 64.85
48 200 0.15 -1.25 -0.84 1.01 0.30 64.88
48 250 0.15 -1.25 -0.84 1.01 0.30 64.91
48 300 0.15 -1.25 -0.85 1.01 0.30 64.94
48 350 0.15 -1.25 -0.85 1.00 0.30 64.98
Testing 76.11748417721519
49 0 0.15 -1.25 -0.85 1.00 0.30 65.00
49 50 0.15 -1.25 -0.85 1.00 0.29 65.04
49 100 0.15 -1.25 -0.85 1.00 0.29 65.07
49 150 0.15 -1.26 -0.85 1.00 0.29 65.10
49 200 0.15 -1.26 -0.85 1.00 0.29 65.14
49 250 0.15 -1.26 -0.85 1.00 0.29 65.17
49 300 0.15 -1.26 -0.86 1.00 0.29 65.20
49 350 0.15 -1.26 -0.86 1.00 0.29 65.23
Testing 75.0988924050633
50 0 0.15 -1.26 -0.86 1.00 0.29 65.26
50 50 0.15 -1.26 -0.86 1.00 0.29 65.29
50 100 0.15 -1.27 -0.86 0.99 0.29 65.32
50 150 0.15 -1.27 -0.86 0.99 0.29 65.35
50 200 0.15 -1.27 -0.86 0.99 0.29 65.39
50 250 0.15 -1.27 -0.87 0.99 0.29 65.42
50 300 0.15 -1.27 -0.87 0.99 0.29 65.45
50 350 0.15 -1.27 -0.87 0.99 0.29 65.48
Testing 77.18552215189874
51 0 0.15 -1.27 -0.87 0.99 0.29 65.50
51 50 0.15 -1.28 -0.87 0.99 0.29 65.54
51 100 0.15 -1.28 -0.87 0.99 0.29 65.57
51 150 0.15 -1.28 -0.88 0.99 0.29 65.60
51 200 0.15 -1.28 -0.88 0.99 0.29 65.63
51 250 0.15 -1.28 -0.88 0.99 0.29 65.66
51 300 0.15 -1.29 -0.88 0.98 0.29 65.69
51 350 0.15 -1.29 -0.88 0.98 0.29 65.72
Testing 76.69106012658227
52 0 0.15 -1.29 -0.88 0.98 0.29 65.75
52 50 0.15 -1.29 -0.89 0.98 0.29 65.78
52 100 0.15 -1.29 -0.89 0.98 0.28 65.81
52 150 0.15 -1.29 -0.89 0.98 0.28 65.84
52 200 0.14 -1.30 -0.89 0.98 0.28 65.87
52 250 0.14 -1.30 -0.89 0.98 0.28 65.90
52 300 0.14 -1.30 -0.89 0.98 0.28 65.93
52 350 0.14 -1.30 -0.90 0.98 0.28 65.96
Testing 75.89003164556962
53 0 0.14 -1.30 -0.90 0.98 0.28 65.98
53 50 0.14 -1.30 -0.90 0.98 0.28 66.02
53 100 0.14 -1.30 -0.90 0.97 0.28 66.05
53 150 0.14 -1.31 -0.90 0.97 0.28 66.08
53 200 0.14 -1.31 -0.90 0.97 0.28 66.10
53 250 0.14 -1.31 -0.91 0.97 0.28 66.13
53 300 0.14 -1.31 -0.91 0.97 0.28 66.16
53 350 0.14 -1.31 -0.91 0.97 0.28 66.19
Testing 77.01740506329114
54 0 0.14 -1.32 -0.91 0.97 0.28 66.22
54 50 0.14 -1.32 -0.91 0.97 0.28 66.24
54 100 0.14 -1.32 -0.91 0.97 0.28 66.27
54 150 0.14 -1.32 -0.92 0.97 0.28 66.30
54 200 0.14 -1.32 -0.92 0.97 0.28 66.33
54 250 0.14 -1.32 -0.92 0.97 0.28 66.36
54 300 0.14 -1.33 -0.92 0.96 0.28 66.39
54 350 0.14 -1.33 -0.92 0.96 0.28 66.42
Testing 76.14715189873418
55 0 0.14 -1.33 -0.93 0.96 0.28 66.44
55 50 0.14 -1.33 -0.93 0.96 0.28 66.47
55 100 0.14 -1.33 -0.93 0.96 0.28 66.50
55 150 0.14 -1.33 -0.93 0.96 0.28 66.53
55 200 0.14 -1.34 -0.93 0.96 0.28 66.55
55 250 0.14 -1.34 -0.93 0.96 0.28 66.58
55 300 0.14 -1.34 -0.93 0.96 0.27 66.61
55 350 0.14 -1.34 -0.94 0.96 0.27 66.64
Testing 74.48575949367088
56 0 0.14 -1.34 -0.94 0.96 0.27 66.66
56 50 0.14 -1.34 -0.94 0.96 0.27 66.69
56 100 0.14 -1.34 -0.94 0.96 0.27 66.71
56 150 0.14 -1.35 -0.94 0.95 0.27 66.74
56 200 0.14 -1.35 -0.94 0.95 0.27 66.77
56 250 0.14 -1.35 -0.95 0.95 0.27 66.80
56 300 0.14 -1.35 -0.95 0.95 0.27 66.83
56 350 0.14 -1.35 -0.95 0.95 0.27 66.85
Testing 76.72072784810126
57 0 0.14 -1.35 -0.95 0.95 0.27 66.88
57 50 0.14 -1.36 -0.95 0.95 0.27 66.90
57 100 0.14 -1.36 -0.95 0.95 0.27 66.93
57 150 0.14 -1.36 -0.95 0.95 0.27 66.96
57 200 0.14 -1.36 -0.96 0.95 0.27 66.99
57 250 0.14 -1.36 -0.96 0.95 0.27 67.01
57 300 0.14 -1.36 -0.96 0.95 0.27 67.04
57 350 0.14 -1.37 -0.96 0.95 0.27 67.07
Testing 76.8690664556962
58 0 0.14 -1.37 -0.96 0.94 0.27 67.09
58 50 0.14 -1.37 -0.96 0.94 0.27 67.12
58 100 0.14 -1.37 -0.97 0.94 0.27 67.14
58 150 0.14 -1.37 -0.97 0.94 0.27 67.17
58 200 0.14 -1.37 -0.97 0.94 0.27 67.20
58 250 0.14 -1.38 -0.97 0.94 0.27 67.23
58 300 0.14 -1.38 -0.97 0.94 0.27 67.25
58 350 0.14 -1.38 -0.97 0.94 0.27 67.28
Testing 77.93710443037975
59 0 0.14 -1.38 -0.98 0.94 0.27 67.30
59 50 0.14 -1.38 -0.98 0.94 0.27 67.33
59 100 0.14 -1.38 -0.98 0.94 0.27 67.35
59 150 0.14 -1.38 -0.98 0.94 0.27 67.38
59 200 0.14 -1.39 -0.98 0.94 0.27 67.41
59 250 0.14 -1.39 -0.98 0.93 0.26 67.43
59 300 0.14 -1.39 -0.98 0.93 0.26 67.46
59 350 0.14 -1.39 -0.99 0.93 0.26 67.48
Testing 78.14477848101266
60 0 0.14 -1.39 -0.99 0.93 0.26 67.50
60 50 0.14 -1.39 -0.99 0.93 0.26 67.53
60 100 0.14 -1.39 -0.99 0.93 0.26 67.56
60 150 0.14 -1.40 -0.99 0.93 0.26 67.58
60 200 0.14 -1.40 -0.99 0.93 0.26 67.61
60 250 0.14 -1.40 -0.99 0.93 0.26 67.63
60 300 0.14 -1.40 -1.00 0.93 0.26 67.66
60 350 0.14 -1.40 -1.00 0.93 0.26 67.68
Testing 76.91851265822785
61 0 0.14 -1.40 -1.00 0.93 0.26 67.70
61 50 0.14 -1.41 -1.00 0.93 0.26 67.73
61 100 0.14 -1.41 -1.00 0.93 0.26 67.76
61 150 0.14 -1.41 -1.00 0.93 0.26 67.78
61 200 0.14 -1.41 -1.00 0.92 0.26 67.81
61 250 0.14 -1.41 -1.01 0.92 0.26 67.83
61 300 0.14 -1.41 -1.01 0.92 0.26 67.86
61 350 0.14 -1.41 -1.01 0.92 0.26 67.88
Testing 77.18552215189874
62 0 0.14 -1.42 -1.01 0.92 0.26 67.90
62 50 0.14 -1.42 -1.01 0.92 0.26 67.92
62 100 0.14 -1.42 -1.01 0.92 0.26 67.95
62 150 0.14 -1.42 -1.02 0.92 0.26 67.97
62 200 0.14 -1.42 -1.02 0.92 0.26 68.00
62 250 0.14 -1.42 -1.02 0.92 0.26 68.02
62 300 0.14 -1.43 -1.02 0.92 0.26 68.05
62 350 0.14 -1.43 -1.02 0.92 0.26 68.07
Testing 76.45371835443038
63 0 0.14 -1.43 -1.02 0.92 0.26 68.09
63 50 0.14 -1.43 -1.02 0.92 0.26 68.11
63 100 0.14 -1.43 -1.03 0.91 0.26 68.14
63 150 0.14 -1.43 -1.03 0.91 0.26 68.16
63 200 0.14 -1.43 -1.03 0.91 0.26 68.19
63 250 0.14 -1.44 -1.03 0.91 0.26 68.21
63 300 0.14 -1.44 -1.03 0.91 0.26 68.24
63 350 0.14 -1.44 -1.03 0.91 0.26 68.26
Testing 74.73299050632912
64 0 0.14 -1.44 -1.03 0.91 0.25 68.28
64 50 0.14 -1.44 -1.04 0.91 0.25 68.30
64 100 0.14 -1.44 -1.04 0.91 0.25 68.32
64 150 0.14 -1.44 -1.04 0.91 0.25 68.35
64 200 0.14 -1.45 -1.04 0.91 0.25 68.37
64 250 0.14 -1.45 -1.04 0.91 0.25 68.40
64 300 0.14 -1.45 -1.04 0.91 0.25 68.42
64 350 0.14 -1.45 -1.04 0.91 0.25 68.44
Testing 77.09651898734177
65 0 0.13 -1.45 -1.05 0.91 0.25 68.46
65 50 0.13 -1.45 -1.05 0.90 0.25 68.49
65 100 0.13 -1.45 -1.05 0.90 0.25 68.51
65 150 0.13 -1.45 -1.05 0.90 0.25 68.53
65 200 0.13 -1.45 -1.05 0.90 0.25 68.56
65 250 0.13 -1.46 -1.05 0.90 0.25 68.58
65 300 0.13 -1.46 -1.05 0.90 0.25 68.60
65 350 0.13 -1.46 -1.05 0.90 0.25 68.63
Testing 79.23259493670886
66 0 0.13 -1.46 -1.05 0.90 0.25 68.65
66 50 0.13 -1.46 -1.05 0.90 0.25 68.67
66 100 0.13 -1.46 -1.06 0.90 0.25 68.70
66 150 0.13 -1.46 -1.06 0.90 0.25 68.72
66 200 0.13 -1.46 -1.06 0.90 0.25 68.74
66 250 0.13 -1.47 -1.06 0.90 0.25 68.77
66 300 0.13 -1.47 -1.06 0.90 0.25 68.79
66 350 0.13 -1.47 -1.06 0.90 0.25 68.81
Testing 79.5886075949367
67 0 0.13 -1.47 -1.06 0.90 0.25 68.83
67 50 0.13 -1.47 -1.06 0.89 0.25 68.85
67 100 0.13 -1.47 -1.07 0.89 0.25 68.88
67 150 0.13 -1.47 -1.07 0.89 0.25 68.90
67 200 0.13 -1.47 -1.07 0.89 0.25 68.92
67 250 0.13 -1.48 -1.07 0.89 0.25 68.94
67 300 0.13 -1.48 -1.07 0.89 0.25 68.97
67 350 0.13 -1.48 -1.07 0.89 0.25 68.99
Testing 78.88647151898734
68 0 0.13 -1.48 -1.07 0.89 0.25 69.01
68 50 0.13 -1.48 -1.08 0.89 0.25 69.03
68 100 0.13 -1.48 -1.08 0.89 0.25 69.05
68 150 0.13 -1.48 -1.08 0.89 0.25 69.08
68 200 0.13 -1.48 -1.08 0.89 0.25 69.10
68 250 0.13 -1.49 -1.08 0.89 0.25 69.12
68 300 0.13 -1.49 -1.08 0.89 0.25 69.14
68 350 0.13 -1.49 -1.08 0.89 0.24 69.16
Testing 78.2931170886076
69 0 0.13 -1.49 -1.08 0.89 0.24 69.18
69 50 0.13 -1.49 -1.09 0.88 0.24 69.20
69 100 0.13 -1.49 -1.09 0.88 0.24 69.23
69 150 0.13 -1.49 -1.09 0.88 0.24 69.25
69 200 0.13 -1.50 -1.09 0.88 0.24 69.27
69 250 0.13 -1.50 -1.09 0.88 0.24 69.29
69 300 0.13 -1.50 -1.09 0.88 0.24 69.31
69 350 0.13 -1.50 -1.09 0.88 0.24 69.33
Testing 77.94699367088607
70 0 0.13 -1.50 -1.10 0.88 0.24 69.35
70 50 0.13 -1.50 -1.10 0.88 0.24 69.37
70 100 0.13 -1.50 -1.10 0.88 0.24 69.39
70 150 0.13 -1.51 -1.10 0.88 0.24 69.41
70 200 0.13 -1.51 -1.10 0.88 0.24 69.43
70 250 0.13 -1.51 -1.10 0.88 0.24 69.45
70 300 0.13 -1.51 -1.10 0.88 0.24 69.48
70 350 0.13 -1.51 -1.10 0.88 0.24 69.50
Testing 79.3117088607595
71 0 0.13 -1.51 -1.11 0.88 0.24 69.51
71 50 0.13 -1.51 -1.11 0.87 0.24 69.54
71 100 0.13 -1.51 -1.11 0.87 0.24 69.56
71 150 0.13 -1.51 -1.11 0.87 0.24 69.58
71 200 0.13 -1.52 -1.11 0.87 0.24 69.60
71 250 0.13 -1.52 -1.11 0.87 0.24 69.62
71 300 0.13 -1.52 -1.11 0.87 0.24 69.64
71 350 0.13 -1.52 -1.11 0.87 0.24 69.66
Testing 76.22626582278481
72 0 0.13 -1.52 -1.11 0.87 0.24 69.68
72 50 0.13 -1.52 -1.11 0.87 0.24 69.70
72 100 0.13 -1.52 -1.12 0.87 0.24 69.72
72 150 0.13 -1.52 -1.12 0.87 0.24 69.74
72 200 0.13 -1.52 -1.12 0.87 0.24 69.76
72 250 0.13 -1.53 -1.12 0.87 0.24 69.78
72 300 0.13 -1.53 -1.12 0.87 0.24 69.80
72 350 0.13 -1.53 -1.12 0.87 0.24 69.82
Testing 77.98655063291139
73 0 0.13 -1.53 -1.12 0.87 0.24 69.84
73 50 0.13 -1.53 -1.13 0.87 0.24 69.86
73 100 0.13 -1.53 -1.13 0.86 0.24 69.88
73 150 0.13 -1.53 -1.13 0.86 0.24 69.90
73 200 0.13 -1.54 -1.13 0.86 0.24 69.92
73 250 0.13 -1.54 -1.13 0.86 0.24 69.94
73 300 0.13 -1.54 -1.13 0.86 0.24 69.96
73 350 0.13 -1.54 -1.13 0.86 0.24 69.98
Testing 78.67879746835443
74 0 0.13 -1.54 -1.13 0.86 0.24 70.00
74 50 0.13 -1.54 -1.13 0.86 0.24 70.02
74 100 0.13 -1.54 -1.14 0.86 0.23 70.04
74 150 0.13 -1.54 -1.14 0.86 0.23 70.06
74 200 0.13 -1.54 -1.14 0.86 0.23 70.08
74 250 0.13 -1.55 -1.14 0.86 0.23 70.10
74 300 0.13 -1.55 -1.14 0.86 0.23 70.12
74 350 0.13 -1.55 -1.14 0.86 0.23 70.14
Testing 77.31408227848101
75 0 0.13 -1.55 -1.14 0.86 0.23 70.16
75 50 0.13 -1.55 -1.14 0.86 0.23 70.18
75 100 0.13 -1.55 -1.14 0.86 0.23 70.20
75 150 0.13 -1.55 -1.15 0.86 0.23 70.22
75 200 0.13 -1.55 -1.15 0.85 0.23 70.23
75 250 0.13 -1.55 -1.15 0.85 0.23 70.25
75 300 0.13 -1.56 -1.15 0.85 0.23 70.27
75 350 0.13 -1.56 -1.15 0.85 0.23 70.29
Testing 78.21400316455696
76 0 0.13 -1.56 -1.15 0.85 0.23 70.31
76 50 0.13 -1.56 -1.15 0.85 0.23 70.33
76 100 0.13 -1.56 -1.15 0.85 0.23 70.35
76 150 0.13 -1.56 -1.15 0.85 0.23 70.37
76 200 0.13 -1.56 -1.15 0.85 0.23 70.39
76 250 0.13 -1.56 -1.16 0.85 0.23 70.41
76 300 0.13 -1.56 -1.16 0.85 0.23 70.43
76 350 0.13 -1.56 -1.16 0.85 0.23 70.45
Testing 80.44897151898734
77 0 0.13 -1.57 -1.16 0.85 0.23 70.46
77 50 0.13 -1.57 -1.16 0.85 0.23 70.48
77 100 0.13 -1.57 -1.16 0.85 0.23 70.50
77 150 0.13 -1.57 -1.16 0.85 0.23 70.52
77 200 0.13 -1.57 -1.16 0.85 0.23 70.54
77 250 0.13 -1.57 -1.16 0.85 0.23 70.56
77 300 0.13 -1.57 -1.16 0.84 0.23 70.58
77 350 0.13 -1.57 -1.17 0.84 0.23 70.60
Testing 78.48101265822785
78 0 0.13 -1.57 -1.17 0.84 0.23 70.61
78 50 0.13 -1.57 -1.17 0.84 0.23 70.63
78 100 0.13 -1.57 -1.17 0.84 0.23 70.65
78 150 0.13 -1.58 -1.17 0.84 0.23 70.67
78 200 0.13 -1.58 -1.17 0.84 0.23 70.69
78 250 0.13 -1.58 -1.17 0.84 0.23 70.71
78 300 0.13 -1.58 -1.17 0.84 0.23 70.73
78 350 0.13 -1.58 -1.17 0.84 0.23 70.74
Testing 79.90506329113924
79 0 0.13 -1.58 -1.17 0.84 0.23 70.76
79 50 0.13 -1.58 -1.17 0.84 0.23 70.78
79 100 0.13 -1.58 -1.18 0.84 0.23 70.80
79 150 0.13 -1.58 -1.18 0.84 0.23 70.82
79 200 0.13 -1.59 -1.18 0.84 0.23 70.84
79 250 0.13 -1.59 -1.18 0.84 0.23 70.86
79 300 0.13 -1.59 -1.18 0.84 0.23 70.87
79 350 0.13 -1.59 -1.18 0.84 0.23 70.89
Testing 77.90743670886076
80 0 0.13 -1.59 -1.18 0.84 0.23 70.91
80 50 0.13 -1.59 -1.18 0.83 0.23 70.93
80 100 0.13 -1.59 -1.18 0.83 0.23 70.94
80 150 0.13 -1.59 -1.19 0.83 0.23 70.96
80 200 0.13 -1.59 -1.19 0.83 0.22 70.98
80 250 0.13 -1.59 -1.19 0.83 0.22 71.00
80 300 0.13 -1.59 -1.19 0.83 0.22 71.02
80 350 0.13 -1.60 -1.19 0.83 0.22 71.04
Testing 80.03362341772151
81 0 0.13 -1.60 -1.19 0.83 0.22 71.05
81 50 0.13 -1.60 -1.19 0.83 0.22 71.07
81 100 0.13 -1.60 -1.19 0.83 0.22 71.09
81 150 0.13 -1.60 -1.19 0.83 0.22 71.11
81 200 0.13 -1.60 -1.19 0.83 0.22 71.13
81 250 0.12 -1.60 -1.19 0.83 0.22 71.14
81 300 0.12 -1.60 -1.19 0.83 0.22 71.16
81 350 0.12 -1.60 -1.20 0.83 0.22 71.18
Testing 80.32041139240506
82 0 0.12 -1.60 -1.20 0.83 0.22 71.19
82 50 0.12 -1.60 -1.20 0.83 0.22 71.21
82 100 0.12 -1.61 -1.20 0.83 0.22 71.23
82 150 0.12 -1.61 -1.20 0.83 0.22 71.25
82 200 0.12 -1.61 -1.20 0.83 0.22 71.26
82 250 0.12 -1.61 -1.20 0.82 0.22 71.28
82 300 0.12 -1.61 -1.20 0.82 0.22 71.30
82 350 0.12 -1.61 -1.20 0.82 0.22 71.32
Testing 79.91495253164557
83 0 0.12 -1.61 -1.20 0.82 0.22 71.33
83 50 0.12 -1.61 -1.21 0.82 0.22 71.35
83 100 0.12 -1.61 -1.21 0.82 0.22 71.37
83 150 0.12 -1.62 -1.21 0.82 0.22 71.39
83 200 0.12 -1.62 -1.21 0.82 0.22 71.41
83 250 0.12 -1.62 -1.21 0.82 0.22 71.42
83 300 0.12 -1.62 -1.21 0.82 0.22 71.44
83 350 0.12 -1.62 -1.21 0.82 0.22 71.46
Testing 78.7381329113924
84 0 0.12 -1.62 -1.21 0.82 0.22 71.47
84 50 0.12 -1.62 -1.21 0.82 0.22 71.49
84 100 0.12 -1.62 -1.21 0.82 0.22 71.51
84 150 0.12 -1.62 -1.22 0.82 0.22 71.52
84 200 0.12 -1.62 -1.22 0.82 0.22 71.54
84 250 0.12 -1.63 -1.22 0.82 0.22 71.56
84 300 0.12 -1.63 -1.22 0.82 0.22 71.58
84 350 0.12 -1.63 -1.22 0.82 0.22 71.59
Testing 79.98417721518987
85 0 0.12 -1.63 -1.22 0.82 0.22 71.61
85 50 0.12 -1.63 -1.22 0.82 0.22 71.62
85 100 0.12 -1.63 -1.22 0.81 0.22 71.64
85 150 0.12 -1.63 -1.22 0.81 0.22 71.66
85 200 0.12 -1.63 -1.22 0.81 0.22 71.68
85 250 0.12 -1.63 -1.22 0.81 0.22 71.69
85 300 0.12 -1.63 -1.22 0.81 0.22 71.71
85 350 0.12 -1.63 -1.22 0.81 0.22 71.73
Testing 79.06447784810126
86 0 0.12 -1.63 -1.22 0.81 0.22 71.74
86 50 0.12 -1.63 -1.23 0.81 0.22 71.76
86 100 0.12 -1.63 -1.23 0.81 0.22 71.78
86 150 0.12 -1.63 -1.23 0.81 0.22 71.79
86 200 0.12 -1.63 -1.23 0.81 0.22 71.81
86 250 0.12 -1.64 -1.23 0.81 0.22 71.83
86 300 0.12 -1.64 -1.23 0.81 0.22 71.85
86 350 0.12 -1.64 -1.23 0.81 0.22 71.86
Testing 80.76542721518987
87 0 0.12 -1.64 -1.23 0.81 0.22 71.88
87 50 0.12 -1.64 -1.23 0.81 0.22 71.89
87 100 0.12 -1.64 -1.23 0.81 0.22 71.91
87 150 0.12 -1.64 -1.23 0.81 0.22 71.93
87 200 0.12 -1.64 -1.23 0.81 0.21 71.94
87 250 0.12 -1.64 -1.23 0.81 0.21 71.96
87 300 0.12 -1.64 -1.23 0.80 0.21 71.98
87 350 0.12 -1.64 -1.24 0.80 0.21 71.99
Testing 80.45886075949367
88 0 0.12 -1.64 -1.24 0.80 0.21 72.01
88 50 0.12 -1.65 -1.24 0.80 0.21 72.02
88 100 0.12 -1.65 -1.24 0.80 0.21 72.04
88 150 0.12 -1.65 -1.24 0.80 0.21 72.06
88 200 0.12 -1.65 -1.24 0.80 0.21 72.07
88 250 0.12 -1.65 -1.24 0.80 0.21 72.09
88 300 0.12 -1.65 -1.24 0.80 0.21 72.11
88 350 0.12 -1.65 -1.24 0.80 0.21 72.12
Testing 80.72587025316456
89 0 0.12 -1.65 -1.24 0.80 0.21 72.13
89 50 0.12 -1.65 -1.24 0.80 0.21 72.15
89 100 0.12 -1.65 -1.24 0.80 0.21 72.17
89 150 0.12 -1.65 -1.24 0.80 0.21 72.18
89 200 0.12 -1.65 -1.25 0.80 0.21 72.20
89 250 0.12 -1.65 -1.25 0.80 0.21 72.22
89 300 0.12 -1.66 -1.25 0.80 0.21 72.23
89 350 0.12 -1.66 -1.25 0.80 0.21 72.25
Testing 81.35878164556962
90 0 0.12 -1.66 -1.25 0.80 0.21 72.26
90 50 0.12 -1.66 -1.25 0.80 0.21 72.28
90 100 0.12 -1.66 -1.25 0.80 0.21 72.30
90 150 0.12 -1.66 -1.25 0.80 0.21 72.31
90 200 0.12 -1.66 -1.25 0.79 0.21 72.33
90 250 0.12 -1.66 -1.25 0.79 0.21 72.34
90 300 0.12 -1.66 -1.25 0.79 0.21 72.36
90 350 0.12 -1.66 -1.26 0.79 0.21 72.38
Testing 80.11273734177215
91 0 0.12 -1.67 -1.26 0.79 0.21 72.39
91 50 0.12 -1.67 -1.26 0.79 0.21 72.40
91 100 0.12 -1.67 -1.26 0.79 0.21 72.42
91 150 0.12 -1.67 -1.26 0.79 0.21 72.44
91 200 0.12 -1.67 -1.26 0.79 0.21 72.45
91 250 0.12 -1.67 -1.26 0.79 0.21 72.47
91 300 0.12 -1.67 -1.26 0.79 0.21 72.48
91 350 0.12 -1.67 -1.26 0.79 0.21 72.50
Testing 79.49960443037975
92 0 0.12 -1.67 -1.26 0.79 0.21 72.51
92 50 0.12 -1.67 -1.26 0.79 0.21 72.53
92 100 0.12 -1.67 -1.26 0.79 0.21 72.54
92 150 0.12 -1.67 -1.27 0.79 0.21 72.56
92 200 0.12 -1.68 -1.27 0.79 0.21 72.58
92 250 0.12 -1.68 -1.27 0.79 0.21 72.59
92 300 0.12 -1.68 -1.27 0.79 0.21 72.61
92 350 0.12 -1.68 -1.27 0.79 0.21 72.62
Testing 79.36115506329114
93 0 0.12 -1.68 -1.27 0.79 0.21 72.63
93 50 0.12 -1.68 -1.27 0.79 0.21 72.65
93 100 0.12 -1.68 -1.27 0.79 0.21 72.66
93 150 0.12 -1.68 -1.27 0.78 0.21 72.68
93 200 0.12 -1.68 -1.27 0.78 0.21 72.69
93 250 0.12 -1.68 -1.27 0.78 0.21 72.71
93 300 0.12 -1.68 -1.27 0.78 0.21 72.72
93 350 0.12 -1.68 -1.27 0.78 0.21 72.74
Testing 80.43908227848101
94 0 0.12 -1.69 -1.28 0.78 0.21 72.75
94 50 0.12 -1.69 -1.28 0.78 0.21 72.77
94 100 0.12 -1.69 -1.28 0.78 0.21 72.79
94 150 0.12 -1.69 -1.28 0.78 0.21 72.80
94 200 0.12 -1.69 -1.28 0.78 0.21 72.82
94 250 0.12 -1.69 -1.28 0.78 0.21 72.83
94 300 0.12 -1.69 -1.28 0.78 0.21 72.85
94 350 0.12 -1.69 -1.28 0.78 0.21 72.86
Testing 80.80498417721519
95 0 0.12 -1.69 -1.28 0.78 0.21 72.87
95 50 0.12 -1.69 -1.28 0.78 0.21 72.89
95 100 0.12 -1.69 -1.28 0.78 0.21 72.91
95 150 0.12 -1.69 -1.28 0.78 0.20 72.92
95 200 0.12 -1.70 -1.29 0.78 0.20 72.94
95 250 0.12 -1.70 -1.29 0.78 0.20 72.95
95 300 0.12 -1.70 -1.29 0.78 0.20 72.97
95 350 0.12 -1.70 -1.29 0.78 0.20 72.98
Testing 79.98417721518987
96 0 0.12 -1.70 -1.29 0.78 0.20 72.99
96 50 0.12 -1.70 -1.29 0.78 0.20 73.01
96 100 0.12 -1.70 -1.29 0.77 0.20 73.02
96 150 0.12 -1.70 -1.29 0.77 0.20 73.04
96 200 0.12 -1.70 -1.29 0.77 0.20 73.05
96 250 0.12 -1.70 -1.29 0.77 0.20 73.07
96 300 0.12 -1.70 -1.29 0.77 0.20 73.08
96 350 0.12 -1.70 -1.29 0.77 0.20 73.10
Testing 78.5996835443038
97 0 0.12 -1.70 -1.29 0.77 0.20 73.11
97 50 0.12 -1.71 -1.30 0.77 0.20 73.12
97 100 0.12 -1.71 -1.30 0.77 0.20 73.14
97 150 0.12 -1.71 -1.30 0.77 0.20 73.16
97 200 0.12 -1.71 -1.30 0.77 0.20 73.17
97 250 0.12 -1.71 -1.30 0.77 0.20 73.18
97 300 0.12 -1.71 -1.30 0.77 0.20 73.20
97 350 0.12 -1.71 -1.30 0.77 0.20 73.21
Testing 80.8445411392405
98 0 0.12 -1.71 -1.30 0.77 0.20 73.22
98 50 0.12 -1.71 -1.30 0.77 0.20 73.24
98 100 0.12 -1.71 -1.30 0.77 0.20 73.25
98 150 0.12 -1.71 -1.30 0.77 0.20 73.27
98 200 0.12 -1.71 -1.30 0.77 0.20 73.28
98 250 0.12 -1.72 -1.30 0.77 0.20 73.30
98 300 0.12 -1.72 -1.31 0.77 0.20 73.31
98 350 0.12 -1.72 -1.31 0.77 0.20 73.32
Testing 79.18314873417721
99 0 0.12 -1.72 -1.31 0.77 0.20 73.34
99 50 0.12 -1.72 -1.31 0.77 0.20 73.35
99 100 0.12 -1.72 -1.31 0.76 0.20 73.36
99 150 0.12 -1.72 -1.31 0.76 0.20 73.38
99 200 0.12 -1.72 -1.31 0.76 0.20 73.39
99 250 0.12 -1.72 -1.31 0.76 0.20 73.41
99 300 0.12 -1.72 -1.31 0.76 0.20 73.42
99 350 0.12 -1.72 -1.31 0.76 0.20 73.44
Testing 80.18196202531645
100 0 0.12 -1.72 -1.31 0.76 0.20 73.45
100 50 0.12 -1.73 -1.31 0.76 0.20 73.46
100 100 0.12 -1.73 -1.32 0.76 0.20 73.48
100 150 0.12 -1.73 -1.32 0.76 0.20 73.49
100 200 0.12 -1.73 -1.32 0.76 0.20 73.51
100 250 0.12 -1.73 -1.32 0.76 0.20 73.52
100 300 0.12 -1.73 -1.32 0.76 0.20 73.53
100 350 0.12 -1.73 -1.32 0.76 0.20 73.55
Testing 80.0632911392405
101 0 0.12 -1.73 -1.32 0.76 0.20 73.56
101 50 0.12 -1.73 -1.32 0.76 0.20 73.57
101 100 0.12 -1.73 -1.32 0.76 0.20 73.59
101 150 0.12 -1.73 -1.32 0.76 0.20 73.60
101 200 0.12 -1.73 -1.32 0.76 0.20 73.62
101 250 0.12 -1.74 -1.33 0.76 0.20 73.63
101 300 0.12 -1.74 -1.33 0.76 0.20 73.64
101 350 0.12 -1.74 -1.33 0.76 0.20 73.66
Testing 81.63568037974683
102 0 0.12 -1.74 -1.33 0.76 0.20 73.67
102 50 0.12 -1.74 -1.33 0.76 0.20 73.68
102 100 0.12 -1.74 -1.33 0.76 0.20 73.69
102 150 0.12 -1.74 -1.33 0.75 0.20 73.71
102 200 0.12 -1.74 -1.33 0.75 0.20 73.72
102 250 0.12 -1.74 -1.33 0.75 0.20 73.74
102 300 0.12 -1.74 -1.33 0.75 0.20 73.75
102 350 0.12 -1.74 -1.33 0.75 0.20 73.76
Testing 81.24011075949367
103 0 0.12 -1.74 -1.33 0.75 0.20 73.77
103 50 0.12 -1.74 -1.33 0.75 0.20 73.79
103 100 0.12 -1.75 -1.33 0.75 0.20 73.80
103 150 0.12 -1.75 -1.34 0.75 0.20 73.82
103 200 0.12 -1.75 -1.34 0.75 0.20 73.83
103 250 0.12 -1.75 -1.34 0.75 0.20 73.84
103 300 0.12 -1.75 -1.34 0.75 0.20 73.86
103 350 0.12 -1.75 -1.34 0.75 0.20 73.87
Testing 81.95213607594937
104 0 0.12 -1.75 -1.34 0.75 0.20 73.88
104 50 0.12 -1.75 -1.34 0.75 0.20 73.89
104 100 0.12 -1.75 -1.34 0.75 0.20 73.91
104 150 0.12 -1.75 -1.34 0.75 0.20 73.92
104 200 0.12 -1.75 -1.34 0.75 0.20 73.94
104 250 0.12 -1.75 -1.34 0.75 0.20 73.95
104 300 0.12 -1.75 -1.34 0.75 0.19 73.96
104 350 0.12 -1.75 -1.34 0.75 0.19 73.98
Testing 81.57634493670886
105 0 0.12 -1.75 -1.34 0.75 0.19 73.99
105 50 0.12 -1.75 -1.34 0.75 0.19 74.00
105 100 0.12 -1.76 -1.34 0.75 0.19 74.02
105 150 0.11 -1.76 -1.35 0.75 0.19 74.03
105 200 0.11 -1.76 -1.35 0.75 0.19 74.04
105 250 0.11 -1.76 -1.35 0.74 0.19 74.06
105 300 0.11 -1.76 -1.35 0.74 0.19 74.07
105 350 0.11 -1.76 -1.35 0.74 0.19 74.08
Testing 79.43037974683544
106 0 0.11 -1.76 -1.35 0.74 0.19 74.09
106 50 0.11 -1.76 -1.35 0.74 0.19 74.10
106 100 0.11 -1.76 -1.35 0.74 0.19 74.12
106 150 0.11 -1.76 -1.35 0.74 0.19 74.13
106 200 0.11 -1.76 -1.35 0.74 0.19 74.15
106 250 0.11 -1.76 -1.35 0.74 0.19 74.16
106 300 0.11 -1.76 -1.35 0.74 0.19 74.17
106 350 0.11 -1.76 -1.35 0.74 0.19 74.18
Testing 80.92365506329114
107 0 0.11 -1.76 -1.35 0.74 0.19 74.19
107 50 0.11 -1.76 -1.35 0.74 0.19 74.21
107 100 0.11 -1.77 -1.35 0.74 0.19 74.22
107 150 0.11 -1.77 -1.35 0.74 0.19 74.24
107 200 0.11 -1.77 -1.36 0.74 0.19 74.25
107 250 0.11 -1.77 -1.36 0.74 0.19 74.26
107 300 0.11 -1.77 -1.36 0.74 0.19 74.28
107 350 0.11 -1.77 -1.36 0.74 0.19 74.29
Testing 80.92365506329114
108 0 0.11 -1.77 -1.36 0.74 0.19 74.30
108 50 0.11 -1.77 -1.36 0.74 0.19 74.31
108 100 0.11 -1.77 -1.36 0.74 0.19 74.33
108 150 0.11 -1.77 -1.36 0.74 0.19 74.34
108 200 0.11 -1.77 -1.36 0.74 0.19 74.35
108 250 0.11 -1.77 -1.36 0.74 0.19 74.36
108 300 0.11 -1.77 -1.36 0.74 0.19 74.38
108 350 0.11 -1.77 -1.36 0.74 0.19 74.39
Testing 82.14992088607595
109 0 0.11 -1.77 -1.36 0.73 0.19 74.40
109 50 0.11 -1.77 -1.36 0.73 0.19 74.41
109 100 0.11 -1.77 -1.36 0.73 0.19 74.43
109 150 0.11 -1.77 -1.36 0.73 0.19 74.44
109 200 0.11 -1.78 -1.36 0.73 0.19 74.45
109 250 0.11 -1.78 -1.36 0.73 0.19 74.46
109 300 0.11 -1.78 -1.36 0.73 0.19 74.48
109 350 0.11 -1.78 -1.37 0.73 0.19 74.49
Testing 81.97191455696202
110 0 0.11 -1.78 -1.37 0.73 0.19 74.50
110 50 0.11 -1.78 -1.37 0.73 0.19 74.51
110 100 0.11 -1.78 -1.37 0.73 0.19 74.53
110 150 0.11 -1.78 -1.37 0.73 0.19 74.54
110 200 0.11 -1.78 -1.37 0.73 0.19 74.55
110 250 0.11 -1.78 -1.37 0.73 0.19 74.56
110 300 0.11 -1.78 -1.37 0.73 0.19 74.58
110 350 0.11 -1.78 -1.37 0.73 0.19 74.59
Testing 81.3488924050633
111 0 0.11 -1.78 -1.37 0.73 0.19 74.60
111 50 0.11 -1.78 -1.37 0.73 0.19 74.61
111 100 0.11 -1.78 -1.37 0.73 0.19 74.62
111 150 0.11 -1.78 -1.37 0.73 0.19 74.64
111 200 0.11 -1.78 -1.37 0.73 0.19 74.65
111 250 0.11 -1.78 -1.37 0.73 0.19 74.66
111 300 0.11 -1.79 -1.37 0.73 0.19 74.67
111 350 0.11 -1.79 -1.37 0.73 0.19 74.69
Testing 82.06091772151899
112 0 0.11 -1.79 -1.37 0.73 0.19 74.70
112 50 0.11 -1.79 -1.38 0.73 0.19 74.71
112 100 0.11 -1.79 -1.38 0.73 0.19 74.72
112 150 0.11 -1.79 -1.38 0.73 0.19 74.74
112 200 0.11 -1.79 -1.38 0.72 0.19 74.75
112 250 0.11 -1.79 -1.38 0.72 0.19 74.76
112 300 0.11 -1.79 -1.38 0.72 0.19 74.77
112 350 0.11 -1.79 -1.38 0.72 0.19 74.78
Testing 81.28955696202532
113 0 0.11 -1.79 -1.38 0.72 0.19 74.79
113 50 0.11 -1.79 -1.38 0.72 0.19 74.81
113 100 0.11 -1.79 -1.38 0.72 0.19 74.82
113 150 0.11 -1.79 -1.38 0.72 0.19 74.83
113 200 0.11 -1.80 -1.38 0.72 0.19 74.84
113 250 0.11 -1.80 -1.38 0.72 0.19 74.86
113 300 0.11 -1.80 -1.38 0.72 0.19 74.87
113 350 0.11 -1.80 -1.39 0.72 0.19 74.88
Testing 81.37856012658227
114 0 0.11 -1.80 -1.39 0.72 0.19 74.89
114 50 0.11 -1.80 -1.39 0.72 0.19 74.90
114 100 0.11 -1.80 -1.39 0.72 0.19 74.92
114 150 0.11 -1.80 -1.39 0.72 0.19 74.93
114 200 0.11 -1.80 -1.39 0.72 0.19 74.94
114 250 0.11 -1.80 -1.39 0.72 0.19 74.95
114 300 0.11 -1.80 -1.39 0.72 0.19 74.96
114 350 0.11 -1.80 -1.39 0.72 0.19 74.98
Testing 78.67879746835443
115 0 0.11 -1.81 -1.39 0.72 0.19 74.99
115 50 0.11 -1.81 -1.39 0.72 0.19 75.00
115 100 0.11 -1.81 -1.39 0.72 0.19 75.01
115 150 0.11 -1.81 -1.40 0.72 0.19 75.02
115 200 0.11 -1.81 -1.40 0.72 0.19 75.04
115 250 0.11 -1.81 -1.40 0.72 0.19 75.05
115 300 0.11 -1.81 -1.40 0.72 0.18 75.06
115 350 0.11 -1.81 -1.40 0.72 0.18 75.07
Testing 81.23022151898734
116 0 0.11 -1.81 -1.40 0.72 0.18 75.08
116 50 0.11 -1.81 -1.40 0.72 0.18 75.09
116 100 0.11 -1.81 -1.40 0.71 0.18 75.11
116 150 0.11 -1.81 -1.40 0.71 0.18 75.12
116 200 0.11 -1.81 -1.40 0.71 0.18 75.13
116 250 0.11 -1.82 -1.40 0.71 0.18 75.14
116 300 0.11 -1.82 -1.40 0.71 0.18 75.16
116 350 0.11 -1.82 -1.40 0.71 0.18 75.17
Testing 80.48852848101266
117 0 0.11 -1.82 -1.40 0.71 0.18 75.18
117 50 0.11 -1.82 -1.40 0.71 0.18 75.19
117 100 0.11 -1.82 -1.40 0.71 0.18 75.20
117 150 0.11 -1.82 -1.41 0.71 0.18 75.21
117 200 0.11 -1.82 -1.41 0.71 0.18 75.22
117 250 0.11 -1.82 -1.41 0.71 0.18 75.24
117 300 0.11 -1.82 -1.41 0.71 0.18 75.25
117 350 0.11 -1.82 -1.41 0.71 0.18 75.26
Testing 82.23892405063292
118 0 0.11 -1.82 -1.41 0.71 0.18 75.27
118 50 0.11 -1.82 -1.41 0.71 0.18 75.28
118 100 0.11 -1.82 -1.41 0.71 0.18 75.29
118 150 0.11 -1.82 -1.41 0.71 0.18 75.30
118 200 0.11 -1.82 -1.41 0.71 0.18 75.31
118 250 0.11 -1.82 -1.41 0.71 0.18 75.33
118 300 0.11 -1.82 -1.41 0.71 0.18 75.34
118 350 0.11 -1.83 -1.41 0.71 0.18 75.35
Testing 81.36867088607595
119 0 0.11 -1.83 -1.41 0.71 0.18 75.36
119 50 0.11 -1.83 -1.41 0.71 0.18 75.37
119 100 0.11 -1.83 -1.41 0.71 0.18 75.38
119 150 0.11 -1.83 -1.41 0.71 0.18 75.39
119 200 0.11 -1.83 -1.41 0.71 0.18 75.41
119 250 0.11 -1.83 -1.42 0.71 0.18 75.42
119 300 0.11 -1.83 -1.42 0.71 0.18 75.43
119 350 0.11 -1.83 -1.42 0.71 0.18 75.44
Testing 81.19066455696202
120 0 0.11 -1.83 -1.42 0.70 0.18 75.45
120 50 0.11 -1.83 -1.42 0.70 0.18 75.46
120 100 0.11 -1.83 -1.42 0.70 0.18 75.47
120 150 0.11 -1.83 -1.42 0.70 0.18 75.48
120 200 0.11 -1.83 -1.42 0.70 0.18 75.50
120 250 0.11 -1.83 -1.42 0.70 0.18 75.51
120 300 0.11 -1.83 -1.42 0.70 0.18 75.52
120 350 0.11 -1.83 -1.42 0.70 0.18 75.53
Testing 81.4181170886076
121 0 0.11 -1.83 -1.42 0.70 0.18 75.54
121 50 0.11 -1.84 -1.42 0.70 0.18 75.55
121 100 0.11 -1.84 -1.42 0.70 0.18 75.56
121 150 0.11 -1.84 -1.42 0.70 0.18 75.57
121 200 0.11 -1.84 -1.42 0.70 0.18 75.59
121 250 0.11 -1.84 -1.42 0.70 0.18 75.60
121 300 0.11 -1.84 -1.42 0.70 0.18 75.61
121 350 0.11 -1.84 -1.43 0.70 0.18 75.62
Testing 81.8631329113924
122 0 0.11 -1.84 -1.43 0.70 0.18 75.63
122 50 0.11 -1.84 -1.43 0.70 0.18 75.64
122 100 0.11 -1.84 -1.43 0.70 0.18 75.65
122 150 0.11 -1.84 -1.43 0.70 0.18 75.66
122 200 0.11 -1.84 -1.43 0.70 0.18 75.67
122 250 0.11 -1.84 -1.43 0.70 0.18 75.68
122 300 0.11 -1.84 -1.43 0.70 0.18 75.69
122 350 0.11 -1.84 -1.43 0.70 0.18 75.71
Testing 82.9806170886076
123 0 0.11 -1.84 -1.43 0.70 0.18 75.71
123 50 0.11 -1.85 -1.43 0.70 0.18 75.73
123 100 0.11 -1.85 -1.43 0.70 0.18 75.74
123 150 0.11 -1.85 -1.43 0.70 0.18 75.75
123 200 0.11 -1.85 -1.43 0.70 0.18 75.76
123 250 0.11 -1.85 -1.43 0.70 0.18 75.77
123 300 0.11 -1.85 -1.44 0.70 0.18 75.78
123 350 0.11 -1.85 -1.44 0.69 0.18 75.79
Testing 82.41693037974683
124 0 0.11 -1.85 -1.44 0.69 0.18 75.80
124 50 0.11 -1.85 -1.44 0.69 0.18 75.81
124 100 0.11 -1.85 -1.44 0.69 0.18 75.82
124 150 0.11 -1.85 -1.44 0.69 0.18 75.83
124 200 0.11 -1.85 -1.44 0.69 0.18 75.84
124 250 0.11 -1.86 -1.44 0.69 0.18 75.85
124 300 0.11 -1.86 -1.44 0.69 0.18 75.86
124 350 0.11 -1.86 -1.44 0.69 0.18 75.88
Testing 82.66416139240506
125 0 0.11 -1.86 -1.44 0.69 0.18 75.88
125 50 0.11 -1.86 -1.44 0.69 0.18 75.90
125 100 0.11 -1.86 -1.44 0.69 0.18 75.91
125 150 0.11 -1.86 -1.45 0.69 0.18 75.92
125 200 0.11 -1.86 -1.45 0.69 0.18 75.93
125 250 0.11 -1.86 -1.45 0.69 0.18 75.94
125 300 0.11 -1.86 -1.45 0.69 0.18 75.95
125 350 0.11 -1.86 -1.45 0.69 0.18 75.96
Testing 82.7432753164557
126 0 0.11 -1.86 -1.45 0.69 0.18 75.97
126 50 0.11 -1.86 -1.45 0.69 0.18 75.98
126 100 0.11 -1.86 -1.45 0.69 0.18 75.99
126 150 0.11 -1.87 -1.45 0.69 0.18 76.00
126 200 0.11 -1.87 -1.45 0.69 0.18 76.01
126 250 0.11 -1.87 -1.45 0.69 0.18 76.02
126 300 0.11 -1.87 -1.45 0.69 0.18 76.03
126 350 0.11 -1.87 -1.45 0.69 0.18 76.04
Testing 80.29074367088607
127 0 0.11 -1.87 -1.45 0.69 0.18 76.05
127 50 0.11 -1.87 -1.45 0.69 0.18 76.06
127 100 0.11 -1.87 -1.46 0.69 0.18 76.08
127 150 0.11 -1.87 -1.46 0.69 0.18 76.09
127 200 0.11 -1.87 -1.46 0.69 0.18 76.10
127 250 0.11 -1.87 -1.46 0.69 0.18 76.11
127 300 0.11 -1.87 -1.46 0.69 0.18 76.12
127 350 0.11 -1.87 -1.46 0.69 0.18 76.13
Testing 82.94106012658227
128 0 0.11 -1.87 -1.46 0.68 0.18 76.14
128 50 0.11 -1.88 -1.46 0.68 0.18 76.15
128 100 0.11 -1.88 -1.46 0.68 0.18 76.16
128 150 0.11 -1.88 -1.46 0.68 0.18 76.17
128 200 0.11 -1.88 -1.46 0.68 0.17 76.18
128 250 0.11 -1.88 -1.46 0.68 0.17 76.19
128 300 0.11 -1.88 -1.46 0.68 0.17 76.20
128 350 0.11 -1.88 -1.47 0.68 0.17 76.21
Testing 81.54667721518987
129 0 0.11 -1.88 -1.47 0.68 0.17 76.22
129 50 0.11 -1.88 -1.47 0.68 0.17 76.23
129 100 0.11 -1.88 -1.47 0.68 0.17 76.24
129 150 0.11 -1.88 -1.47 0.68 0.17 76.25
129 200 0.11 -1.88 -1.47 0.68 0.17 76.26
129 250 0.11 -1.89 -1.47 0.68 0.17 76.27
129 300 0.11 -1.89 -1.47 0.68 0.17 76.28
129 350 0.11 -1.89 -1.47 0.68 0.17 76.29
Testing 82.49604430379746
130 0 0.11 -1.89 -1.47 0.68 0.17 76.30
130 50 0.11 -1.89 -1.47 0.68 0.17 76.31
130 100 0.11 -1.89 -1.47 0.68 0.17 76.32
130 150 0.11 -1.89 -1.47 0.68 0.17 76.33
130 200 0.11 -1.89 -1.47 0.68 0.17 76.34
130 250 0.11 -1.89 -1.48 0.68 0.17 76.35
130 300 0.11 -1.89 -1.48 0.68 0.17 76.36
130 350 0.11 -1.89 -1.48 0.68 0.17 76.37
Testing 81.43789556962025
131 0 0.11 -1.89 -1.48 0.68 0.17 76.38
131 50 0.11 -1.89 -1.48 0.68 0.17 76.39
131 100 0.11 -1.89 -1.48 0.68 0.17 76.40
131 150 0.11 -1.89 -1.48 0.68 0.17 76.41
131 200 0.11 -1.90 -1.48 0.68 0.17 76.42
131 250 0.11 -1.90 -1.48 0.68 0.17 76.43
131 300 0.11 -1.90 -1.48 0.68 0.17 76.44
131 350 0.11 -1.90 -1.48 0.68 0.17 76.45
Testing 82.77294303797468
132 0 0.11 -1.90 -1.48 0.68 0.17 76.46
132 50 0.11 -1.90 -1.48 0.68 0.17 76.47
132 100 0.11 -1.90 -1.48 0.67 0.17 76.48
132 150 0.11 -1.90 -1.48 0.67 0.17 76.49
132 200 0.11 -1.90 -1.48 0.67 0.17 76.50
132 250 0.11 -1.90 -1.48 0.67 0.17 76.51
132 300 0.11 -1.90 -1.48 0.67 0.17 76.52
132 350 0.11 -1.90 -1.49 0.67 0.17 76.53
Testing 81.95213607594937
133 0 0.11 -1.90 -1.49 0.67 0.17 76.54
133 50 0.11 -1.90 -1.49 0.67 0.17 76.55
133 100 0.11 -1.90 -1.49 0.67 0.17 76.56
133 150 0.11 -1.90 -1.49 0.67 0.17 76.57
133 200 0.11 -1.90 -1.49 0.67 0.17 76.58
133 250 0.11 -1.90 -1.49 0.67 0.17 76.59
133 300 0.11 -1.90 -1.49 0.67 0.17 76.60
133 350 0.11 -1.90 -1.49 0.67 0.17 76.61
Testing 82.23892405063292
134 0 0.11 -1.90 -1.49 0.67 0.17 76.62
134 50 0.11 -1.90 -1.49 0.67 0.17 76.63
134 100 0.11 -1.91 -1.49 0.67 0.17 76.64
134 150 0.11 -1.91 -1.49 0.67 0.17 76.65
134 200 0.11 -1.91 -1.49 0.67 0.17 76.66
134 250 0.11 -1.91 -1.49 0.67 0.17 76.67
134 300 0.11 -1.91 -1.49 0.67 0.17 76.68
134 350 0.11 -1.91 -1.49 0.67 0.17 76.69
Testing 82.8817246835443
135 0 0.11 -1.91 -1.49 0.67 0.17 76.70
135 50 0.11 -1.91 -1.49 0.67 0.17 76.71
135 100 0.11 -1.91 -1.49 0.67 0.17 76.72
135 150 0.11 -1.91 -1.49 0.67 0.17 76.73
135 200 0.11 -1.91 -1.50 0.67 0.17 76.74
135 250 0.11 -1.91 -1.50 0.67 0.17 76.75
135 300 0.11 -1.91 -1.50 0.67 0.17 76.76
135 350 0.11 -1.91 -1.50 0.67 0.17 76.76
Testing 82.80261075949367
136 0 0.11 -1.91 -1.50 0.67 0.17 76.77
136 50 0.11 -1.92 -1.50 0.67 0.17 76.78
136 100 0.11 -1.92 -1.50 0.67 0.17 76.79
136 150 0.11 -1.92 -1.50 0.67 0.17 76.80
136 200 0.11 -1.92 -1.50 0.67 0.17 76.81
136 250 0.11 -1.92 -1.50 0.66 0.17 76.82
136 300 0.11 -1.92 -1.50 0.66 0.17 76.83
136 350 0.11 -1.92 -1.50 0.66 0.17 76.84
Testing 81.97191455696202
137 0 0.11 -1.92 -1.50 0.66 0.17 76.85
137 50 0.11 -1.92 -1.50 0.66 0.17 76.86
137 100 0.11 -1.92 -1.50 0.66 0.17 76.87
137 150 0.11 -1.92 -1.50 0.66 0.17 76.88
137 200 0.11 -1.92 -1.51 0.66 0.17 76.89
137 250 0.11 -1.92 -1.51 0.66 0.17 76.90
137 300 0.11 -1.92 -1.51 0.66 0.17 76.91
137 350 0.11 -1.92 -1.51 0.66 0.17 76.92
Testing 82.35759493670886
138 0 0.11 -1.92 -1.51 0.66 0.17 76.93
138 50 0.11 -1.93 -1.51 0.66 0.17 76.93
138 100 0.11 -1.93 -1.51 0.66 0.17 76.94
138 150 0.11 -1.93 -1.51 0.66 0.17 76.95
138 200 0.11 -1.93 -1.51 0.66 0.17 76.96
138 250 0.11 -1.93 -1.51 0.66 0.17 76.97
138 300 0.11 -1.93 -1.51 0.66 0.17 76.98
138 350 0.11 -1.93 -1.51 0.66 0.17 76.99
Testing 82.24881329113924
139 0 0.11 -1.93 -1.51 0.66 0.17 77.00
139 50 0.11 -1.93 -1.51 0.66 0.17 77.01
139 100 0.11 -1.93 -1.51 0.66 0.17 77.02
139 150 0.11 -1.93 -1.51 0.66 0.17 77.03
139 200 0.11 -1.93 -1.52 0.66 0.17 77.04
139 250 0.11 -1.93 -1.52 0.66 0.17 77.05
139 300 0.11 -1.93 -1.52 0.66 0.17 77.06
139 350 0.11 -1.93 -1.52 0.66 0.17 77.07
Testing 81.82357594936708
140 0 0.11 -1.93 -1.52 0.66 0.17 77.07
140 50 0.11 -1.93 -1.52 0.66 0.17 77.08
140 100 0.11 -1.94 -1.52 0.66 0.17 77.09
140 150 0.11 -1.94 -1.52 0.66 0.17 77.10
140 200 0.11 -1.94 -1.52 0.66 0.17 77.11
140 250 0.11 -1.94 -1.52 0.66 0.17 77.12
140 300 0.11 -1.94 -1.52 0.66 0.17 77.13
140 350 0.11 -1.94 -1.52 0.66 0.17 77.14
Testing 80.48852848101266
141 0 0.11 -1.94 -1.52 0.66 0.17 77.15
141 50 0.11 -1.94 -1.52 0.66 0.17 77.16
141 100 0.10 -1.94 -1.52 0.65 0.17 77.17
141 150 0.10 -1.94 -1.52 0.65 0.17 77.18
141 200 0.10 -1.94 -1.52 0.65 0.17 77.18
141 250 0.10 -1.94 -1.53 0.65 0.17 77.19
141 300 0.10 -1.94 -1.53 0.65 0.17 77.20
141 350 0.10 -1.94 -1.53 0.65 0.17 77.21
Testing 81.91257911392405
142 0 0.10 -1.95 -1.53 0.65 0.17 77.22
142 50 0.10 -1.95 -1.53 0.65 0.17 77.23
142 100 0.10 -1.95 -1.53 0.65 0.17 77.24
142 150 0.10 -1.95 -1.53 0.65 0.17 77.25
142 200 0.10 -1.95 -1.53 0.65 0.17 77.26
142 250 0.10 -1.95 -1.53 0.65 0.17 77.27
142 300 0.10 -1.95 -1.53 0.65 0.17 77.28
142 350 0.10 -1.95 -1.53 0.65 0.17 77.29
Testing 83.02017405063292
143 0 0.10 -1.95 -1.53 0.65 0.17 77.29
143 50 0.10 -1.95 -1.53 0.65 0.17 77.30
143 100 0.10 -1.95 -1.53 0.65 0.17 77.31
143 150 0.10 -1.95 -1.53 0.65 0.17 77.32
143 200 0.10 -1.95 -1.54 0.65 0.17 77.33
143 250 0.10 -1.95 -1.54 0.65 0.17 77.34
143 300 0.10 -1.95 -1.54 0.65 0.17 77.35
143 350 0.10 -1.95 -1.54 0.65 0.16 77.36
Testing 82.27848101265823
144 0 0.10 -1.96 -1.54 0.65 0.16 77.36
144 50 0.10 -1.96 -1.54 0.65 0.16 77.37
144 100 0.10 -1.96 -1.54 0.65 0.16 77.38
144 150 0.10 -1.96 -1.54 0.65 0.16 77.39
144 200 0.10 -1.96 -1.54 0.65 0.16 77.40
144 250 0.10 -1.96 -1.54 0.65 0.16 77.41
144 300 0.10 -1.96 -1.54 0.65 0.16 77.42
144 350 0.10 -1.96 -1.54 0.65 0.16 77.43
Testing 82.05102848101266
145 0 0.10 -1.96 -1.54 0.65 0.16 77.44
145 50 0.10 -1.96 -1.54 0.65 0.16 77.44
145 100 0.10 -1.96 -1.54 0.65 0.16 77.45
145 150 0.10 -1.96 -1.54 0.65 0.16 77.46
145 200 0.10 -1.96 -1.54 0.65 0.16 77.47
145 250 0.10 -1.96 -1.55 0.65 0.16 77.48
145 300 0.10 -1.96 -1.55 0.65 0.16 77.49
145 350 0.10 -1.96 -1.55 0.65 0.16 77.50
Testing 82.80261075949367
146 0 0.10 -1.96 -1.55 0.65 0.16 77.51
146 50 0.10 -1.97 -1.55 0.64 0.16 77.52
146 100 0.10 -1.97 -1.55 0.64 0.16 77.52
146 150 0.10 -1.97 -1.55 0.64 0.16 77.53
146 200 0.10 -1.97 -1.55 0.64 0.16 77.54
146 250 0.10 -1.97 -1.55 0.64 0.16 77.55
146 300 0.10 -1.97 -1.55 0.64 0.16 77.56
146 350 0.10 -1.97 -1.55 0.64 0.16 77.57
Testing 81.57634493670886
147 0 0.10 -1.97 -1.55 0.64 0.16 77.58
147 50 0.10 -1.97 -1.55 0.64 0.16 77.58
147 100 0.10 -1.97 -1.55 0.64 0.16 77.59
147 150 0.10 -1.97 -1.55 0.64 0.16 77.60
147 200 0.10 -1.97 -1.55 0.64 0.16 77.61
147 250 0.10 -1.97 -1.55 0.64 0.16 77.62
147 300 0.10 -1.97 -1.55 0.64 0.16 77.63
147 350 0.10 -1.97 -1.55 0.64 0.16 77.64
Testing 82.62460443037975
148 0 0.10 -1.97 -1.55 0.64 0.16 77.64
148 50 0.10 -1.97 -1.55 0.64 0.16 77.65
148 100 0.10 -1.97 -1.55 0.64 0.16 77.66
148 150 0.10 -1.97 -1.56 0.64 0.16 77.67
148 200 0.10 -1.97 -1.56 0.64 0.16 77.68
148 250 0.10 -1.98 -1.56 0.64 0.16 77.69
148 300 0.10 -1.98 -1.56 0.64 0.16 77.70
148 350 0.10 -1.98 -1.56 0.64 0.16 77.71
Testing 82.65427215189874
149 0 0.10 -1.98 -1.56 0.64 0.16 77.71
149 50 0.10 -1.98 -1.56 0.64 0.16 77.72
149 100 0.10 -1.98 -1.56 0.64 0.16 77.73
149 150 0.10 -1.98 -1.56 0.64 0.16 77.74
149 200 0.10 -1.98 -1.56 0.64 0.16 77.75
149 250 0.10 -1.98 -1.56 0.64 0.16 77.76
149 300 0.10 -1.98 -1.56 0.64 0.16 77.77
149 350 0.10 -1.98 -1.56 0.64 0.16 77.77
Testing 82.92128164556962
150 0 0.10 -1.98 -1.56 0.64 0.16 77.78
150 50 0.10 -1.98 -1.56 0.64 0.16 77.79
150 100 0.10 -1.98 -1.56 0.64 0.16 77.80
150 150 0.10 -1.98 -1.56 0.64 0.16 77.81
150 200 0.10 -1.98 -1.56 0.64 0.16 77.82
150 250 0.10 -1.98 -1.56 0.64 0.16 77.83
150 300 0.10 -1.98 -1.56 0.64 0.16 77.83
150 350 0.10 -1.98 -1.57 0.64 0.16 77.84
Testing 82.9806170886076
151 0 0.10 -1.99 -1.57 0.64 0.16 77.85
151 50 0.10 -1.99 -1.57 0.63 0.16 77.86
151 100 0.10 -1.99 -1.57 0.63 0.16 77.87
151 150 0.10 -1.99 -1.57 0.63 0.16 77.88
151 200 0.10 -1.99 -1.57 0.63 0.16 77.89
151 250 0.10 -1.99 -1.57 0.63 0.16 77.89
151 300 0.10 -1.99 -1.57 0.63 0.16 77.90
151 350 0.10 -1.99 -1.57 0.63 0.16 77.91
Testing 82.56526898734177
152 0 0.10 -1.99 -1.57 0.63 0.16 77.92
152 50 0.10 -1.99 -1.57 0.63 0.16 77.93
152 100 0.10 -1.99 -1.57 0.63 0.16 77.93
152 150 0.10 -1.99 -1.57 0.63 0.16 77.94
152 200 0.10 -1.99 -1.57 0.63 0.16 77.95
152 250 0.10 -1.99 -1.57 0.63 0.16 77.96
152 300 0.10 -1.99 -1.57 0.63 0.16 77.97
152 350 0.10 -1.99 -1.57 0.63 0.16 77.98
Testing 81.09177215189874
153 0 0.10 -1.99 -1.57 0.63 0.16 77.98
153 50 0.10 -1.99 -1.57 0.63 0.16 77.99
153 100 0.10 -2.00 -1.58 0.63 0.16 78.00
153 150 0.10 -2.00 -1.58 0.63 0.16 78.01
153 200 0.10 -2.00 -1.58 0.63 0.16 78.02
153 250 0.10 -2.00 -1.58 0.63 0.16 78.02
153 300 0.10 -2.00 -1.58 0.63 0.16 78.03
153 350 0.10 -2.00 -1.58 0.63 0.16 78.04
Testing 83.03006329113924
154 0 0.10 -2.00 -1.58 0.63 0.16 78.05
154 50 0.10 -2.00 -1.58 0.63 0.16 78.06
154 100 0.10 -2.00 -1.58 0.63 0.16 78.07
154 150 0.10 -2.00 -1.58 0.63 0.16 78.07
154 200 0.10 -2.00 -1.58 0.63 0.16 78.08
154 250 0.10 -2.00 -1.58 0.63 0.16 78.09
154 300 0.10 -2.00 -1.58 0.63 0.16 78.10
154 350 0.10 -2.00 -1.58 0.63 0.16 78.11
Testing 83.13884493670886
155 0 0.10 -2.00 -1.58 0.63 0.16 78.11
155 50 0.10 -2.00 -1.58 0.63 0.16 78.12
155 100 0.10 -2.00 -1.58 0.63 0.16 78.13
155 150 0.10 -2.00 -1.58 0.63 0.16 78.14
155 200 0.10 -2.00 -1.58 0.63 0.16 78.15
155 250 0.10 -2.01 -1.58 0.63 0.16 78.16
155 300 0.10 -2.01 -1.59 0.63 0.16 78.17
155 350 0.10 -2.01 -1.59 0.63 0.16 78.17
Testing 83.16851265822785
156 0 0.10 -2.01 -1.59 0.63 0.16 78.18
156 50 0.10 -2.01 -1.59 0.63 0.16 78.19
156 100 0.10 -2.01 -1.59 0.63 0.16 78.20
156 150 0.10 -2.01 -1.59 0.62 0.16 78.21
156 200 0.10 -2.01 -1.59 0.62 0.16 78.21
156 250 0.10 -2.01 -1.59 0.62 0.16 78.22
156 300 0.10 -2.01 -1.59 0.62 0.16 78.23
156 350 0.10 -2.01 -1.59 0.62 0.16 78.24
Testing 82.14992088607595
157 0 0.10 -2.01 -1.59 0.62 0.16 78.24
157 50 0.10 -2.01 -1.59 0.62 0.16 78.25
157 100 0.10 -2.01 -1.59 0.62 0.16 78.26
157 150 0.10 -2.01 -1.59 0.62 0.16 78.27
157 200 0.10 -2.01 -1.59 0.62 0.16 78.28
157 250 0.10 -2.01 -1.59 0.62 0.16 78.29
157 300 0.10 -2.01 -1.59 0.62 0.16 78.29
157 350 0.10 -2.01 -1.59 0.62 0.16 78.30
Testing 82.52571202531645
158 0 0.10 -2.02 -1.59 0.62 0.16 78.31
158 50 0.10 -2.02 -1.59 0.62 0.16 78.32
158 100 0.10 -2.02 -1.59 0.62 0.16 78.32
158 150 0.10 -2.02 -1.60 0.62 0.16 78.33
158 200 0.10 -2.02 -1.60 0.62 0.16 78.34
158 250 0.10 -2.02 -1.60 0.62 0.16 78.35
158 300 0.10 -2.02 -1.60 0.62 0.16 78.36
158 350 0.10 -2.02 -1.60 0.62 0.16 78.37
Testing 82.29825949367088
159 0 0.10 -2.02 -1.60 0.62 0.16 78.37
159 50 0.10 -2.02 -1.60 0.62 0.16 78.38
159 100 0.10 -2.02 -1.60 0.62 0.16 78.39
159 150 0.10 -2.02 -1.60 0.62 0.16 78.40
159 200 0.10 -2.02 -1.60 0.62 0.16 78.40
159 250 0.10 -2.02 -1.60 0.62 0.16 78.41
159 300 0.10 -2.02 -1.60 0.62 0.16 78.42
159 350 0.10 -2.02 -1.60 0.62 0.16 78.43
Testing 81.70490506329114
160 0 0.10 -2.02 -1.60 0.62 0.16 78.43
160 50 0.10 -2.02 -1.60 0.62 0.16 78.44
160 100 0.10 -2.02 -1.60 0.62 0.16 78.45
160 150 0.10 -2.02 -1.60 0.62 0.16 78.46
160 200 0.10 -2.02 -1.60 0.62 0.16 78.47
160 250 0.10 -2.02 -1.60 0.62 0.16 78.47
160 300 0.10 -2.02 -1.60 0.62 0.16 78.48
160 350 0.10 -2.02 -1.60 0.62 0.16 78.49
Testing 81.17088607594937
161 0 0.10 -2.03 -1.60 0.62 0.16 78.50
161 50 0.10 -2.03 -1.60 0.62 0.16 78.50
161 100 0.10 -2.03 -1.60 0.62 0.16 78.51
161 150 0.10 -2.03 -1.60 0.62 0.16 78.52
161 200 0.10 -2.03 -1.60 0.62 0.16 78.53
161 250 0.10 -2.03 -1.61 0.62 0.16 78.54
161 300 0.10 -2.03 -1.61 0.61 0.16 78.54
161 350 0.10 -2.03 -1.61 0.61 0.16 78.55
Testing 82.99050632911393
162 0 0.10 -2.03 -1.61 0.61 0.16 78.56
162 50 0.10 -2.03 -1.61 0.61 0.16 78.57
162 100 0.10 -2.03 -1.61 0.61 0.16 78.57
162 150 0.10 -2.03 -1.61 0.61 0.16 78.58
162 200 0.10 -2.03 -1.61 0.61 0.16 78.59
162 250 0.10 -2.03 -1.61 0.61 0.15 78.60
162 300 0.10 -2.03 -1.61 0.61 0.15 78.60
162 350 0.10 -2.03 -1.61 0.61 0.15 78.61
Testing 82.36748417721519
163 0 0.10 -2.03 -1.61 0.61 0.15 78.62
163 50 0.10 -2.03 -1.61 0.61 0.15 78.63
163 100 0.10 -2.03 -1.61 0.61 0.15 78.63
163 150 0.10 -2.03 -1.61 0.61 0.15 78.64
163 200 0.10 -2.03 -1.61 0.61 0.15 78.65
163 250 0.10 -2.04 -1.61 0.61 0.15 78.66
163 300 0.10 -2.04 -1.61 0.61 0.15 78.66
163 350 0.10 -2.04 -1.61 0.61 0.15 78.67
Testing 83.09928797468355
164 0 0.10 -2.04 -1.61 0.61 0.15 78.68
164 50 0.10 -2.04 -1.61 0.61 0.15 78.68
164 100 0.10 -2.04 -1.61 0.61 0.15 78.69
164 150 0.10 -2.04 -1.62 0.61 0.15 78.70
164 200 0.10 -2.04 -1.62 0.61 0.15 78.71
164 250 0.10 -2.04 -1.62 0.61 0.15 78.72
164 300 0.10 -2.04 -1.62 0.61 0.15 78.72
164 350 0.10 -2.04 -1.62 0.61 0.15 78.73
Testing 82.18947784810126
165 0 0.10 -2.04 -1.62 0.61 0.15 78.74
165 50 0.10 -2.04 -1.62 0.61 0.15 78.74
165 100 0.10 -2.04 -1.62 0.61 0.15 78.75
165 150 0.10 -2.04 -1.62 0.61 0.15 78.76
165 200 0.10 -2.04 -1.62 0.61 0.15 78.77
165 250 0.10 -2.04 -1.62 0.61 0.15 78.77
165 300 0.10 -2.04 -1.62 0.61 0.15 78.78
165 350 0.10 -2.04 -1.62 0.61 0.15 78.79
Testing 82.96083860759494
166 0 0.10 -2.04 -1.62 0.61 0.15 78.80
166 50 0.10 -2.05 -1.62 0.61 0.15 78.80
166 100 0.10 -2.05 -1.62 0.61 0.15 78.81
166 150 0.10 -2.05 -1.62 0.61 0.15 78.82
166 200 0.10 -2.05 -1.62 0.61 0.15 78.83
166 250 0.10 -2.05 -1.62 0.61 0.15 78.83
166 300 0.10 -2.05 -1.62 0.61 0.15 78.84
166 350 0.10 -2.05 -1.62 0.61 0.15 78.85
Testing 82.39715189873418
167 0 0.10 -2.05 -1.62 0.61 0.15 78.85
167 50 0.10 -2.05 -1.63 0.61 0.15 78.86
167 100 0.10 -2.05 -1.63 0.61 0.15 78.87
167 150 0.10 -2.05 -1.63 0.61 0.15 78.88
167 200 0.10 -2.05 -1.63 0.61 0.15 78.89
167 250 0.10 -2.05 -1.63 0.60 0.15 78.89
167 300 0.10 -2.05 -1.63 0.60 0.15 78.90
167 350 0.10 -2.05 -1.63 0.60 0.15 78.91
Testing 83.74208860759494
168 0 0.10 -2.05 -1.63 0.60 0.15 78.91
168 50 0.10 -2.05 -1.63 0.60 0.15 78.92
168 100 0.10 -2.05 -1.63 0.60 0.15 78.93
168 150 0.10 -2.05 -1.63 0.60 0.15 78.94
168 200 0.10 -2.05 -1.63 0.60 0.15 78.94
168 250 0.10 -2.05 -1.63 0.60 0.15 78.95
168 300 0.10 -2.05 -1.63 0.60 0.15 78.96
168 350 0.10 -2.05 -1.63 0.60 0.15 78.97
Testing 82.86194620253164
169 0 0.10 -2.05 -1.63 0.60 0.15 78.97
169 50 0.10 -2.05 -1.63 0.60 0.15 78.98
169 100 0.10 -2.06 -1.63 0.60 0.15 78.99
169 150 0.10 -2.06 -1.63 0.60 0.15 79.00
169 200 0.10 -2.06 -1.63 0.60 0.15 79.00
169 250 0.10 -2.06 -1.63 0.60 0.15 79.01
169 300 0.10 -2.06 -1.63 0.60 0.15 79.02
169 350 0.10 -2.06 -1.63 0.60 0.15 79.02
Testing 83.70253164556962
170 0 0.10 -2.06 -1.63 0.60 0.15 79.03
170 50 0.10 -2.06 -1.63 0.60 0.15 79.04
170 100 0.10 -2.06 -1.63 0.60 0.15 79.05
170 150 0.10 -2.06 -1.64 0.60 0.15 79.05
170 200 0.10 -2.06 -1.64 0.60 0.15 79.06
170 250 0.10 -2.06 -1.64 0.60 0.15 79.07
170 300 0.10 -2.06 -1.64 0.60 0.15 79.08
170 350 0.10 -2.06 -1.64 0.60 0.15 79.08
Testing 82.31803797468355
171 0 0.10 -2.06 -1.64 0.60 0.15 79.09
171 50 0.10 -2.06 -1.64 0.60 0.15 79.10
171 100 0.10 -2.06 -1.64 0.60 0.15 79.10
171 150 0.10 -2.06 -1.64 0.60 0.15 79.11
171 200 0.10 -2.06 -1.64 0.60 0.15 79.12
171 250 0.10 -2.06 -1.64 0.60 0.15 79.13
171 300 0.10 -2.06 -1.64 0.60 0.15 79.13
171 350 0.10 -2.06 -1.64 0.60 0.15 79.14
Testing 83.47507911392405
172 0 0.10 -2.07 -1.64 0.60 0.15 79.15
172 50 0.10 -2.07 -1.64 0.60 0.15 79.15
172 100 0.10 -2.07 -1.64 0.60 0.15 79.16
172 150 0.10 -2.07 -1.64 0.60 0.15 79.17
172 200 0.10 -2.07 -1.64 0.60 0.15 79.18
172 250 0.10 -2.07 -1.64 0.60 0.15 79.18
172 300 0.10 -2.07 -1.64 0.60 0.15 79.19
172 350 0.10 -2.07 -1.64 0.60 0.15 79.20
Testing 83.20806962025317
173 0 0.10 -2.07 -1.64 0.60 0.15 79.20
173 50 0.10 -2.07 -1.64 0.60 0.15 79.21
173 100 0.10 -2.07 -1.65 0.60 0.15 79.22
173 150 0.10 -2.07 -1.65 0.60 0.15 79.23
173 200 0.10 -2.07 -1.65 0.59 0.15 79.23
173 250 0.10 -2.07 -1.65 0.59 0.15 79.24
173 300 0.10 -2.07 -1.65 0.59 0.15 79.25
173 350 0.10 -2.07 -1.65 0.59 0.15 79.25
Testing 82.00158227848101
174 0 0.10 -2.07 -1.65 0.59 0.15 79.26
174 50 0.10 -2.07 -1.65 0.59 0.15 79.27
174 100 0.10 -2.07 -1.65 0.59 0.15 79.28
174 150 0.10 -2.07 -1.65 0.59 0.15 79.28
174 200 0.10 -2.07 -1.65 0.59 0.15 79.29
174 250 0.10 -2.07 -1.65 0.59 0.15 79.30
174 300 0.10 -2.07 -1.65 0.59 0.15 79.30
174 350 0.10 -2.08 -1.65 0.59 0.15 79.31
Testing 83.07950949367088
175 0 0.10 -2.08 -1.65 0.59 0.15 79.32
175 50 0.10 -2.08 -1.65 0.59 0.15 79.32
175 100 0.10 -2.08 -1.65 0.59 0.15 79.33
175 150 0.10 -2.08 -1.65 0.59 0.15 79.34
175 200 0.10 -2.08 -1.65 0.59 0.15 79.35
175 250 0.10 -2.08 -1.65 0.59 0.15 79.35
175 300 0.10 -2.08 -1.65 0.59 0.15 79.36
175 350 0.10 -2.08 -1.65 0.59 0.15 79.37
Testing 83.38607594936708
176 0 0.10 -2.08 -1.65 0.59 0.15 79.37
176 50 0.10 -2.08 -1.65 0.59 0.15 79.38
176 100 0.10 -2.08 -1.65 0.59 0.15 79.39
176 150 0.10 -2.08 -1.65 0.59 0.15 79.39
176 200 0.10 -2.08 -1.66 0.59 0.15 79.40
176 250 0.10 -2.08 -1.66 0.59 0.15 79.41
176 300 0.10 -2.08 -1.66 0.59 0.15 79.42
176 350 0.10 -2.08 -1.66 0.59 0.15 79.42
Testing 83.94976265822785
177 0 0.10 -2.08 -1.66 0.59 0.15 79.43
177 50 0.10 -2.08 -1.66 0.59 0.15 79.44
177 100 0.10 -2.08 -1.66 0.59 0.15 79.44
177 150 0.10 -2.08 -1.66 0.59 0.15 79.45
177 200 0.10 -2.08 -1.66 0.59 0.15 79.46
177 250 0.10 -2.08 -1.66 0.59 0.15 79.46
177 300 0.10 -2.08 -1.66 0.59 0.15 79.47
177 350 0.10 -2.09 -1.66 0.59 0.15 79.48
Testing 83.8310917721519
178 0 0.10 -2.09 -1.66 0.59 0.15 79.48
178 50 0.10 -2.09 -1.66 0.59 0.15 79.49
178 100 0.10 -2.09 -1.66 0.59 0.15 79.50
178 150 0.10 -2.09 -1.66 0.59 0.15 79.50
178 200 0.10 -2.09 -1.66 0.59 0.15 79.51
178 250 0.10 -2.09 -1.66 0.59 0.15 79.52
178 300 0.10 -2.09 -1.66 0.59 0.15 79.53
178 350 0.10 -2.09 -1.66 0.59 0.15 79.53
Testing 83.53441455696202
179 0 0.10 -2.09 -1.66 0.59 0.15 79.54
179 50 0.10 -2.09 -1.66 0.59 0.15 79.55
179 100 0.10 -2.09 -1.66 0.59 0.15 79.55
179 150 0.10 -2.09 -1.66 0.59 0.15 79.56
179 200 0.10 -2.09 -1.66 0.59 0.15 79.57
179 250 0.10 -2.09 -1.67 0.59 0.15 79.57
179 300 0.10 -2.09 -1.67 0.58 0.15 79.58
179 350 0.10 -2.09 -1.67 0.58 0.15 79.59
Testing 84.10799050632912
180 0 0.10 -2.09 -1.67 0.58 0.15 79.59
180 50 0.10 -2.09 -1.67 0.58 0.15 79.60
180 100 0.10 -2.09 -1.67 0.58 0.15 79.61
180 150 0.10 -2.09 -1.67 0.58 0.15 79.61
180 200 0.10 -2.09 -1.67 0.58 0.15 79.62
180 250 0.10 -2.09 -1.67 0.58 0.15 79.63
180 300 0.10 -2.10 -1.67 0.58 0.15 79.63
180 350 0.10 -2.10 -1.67 0.58 0.15 79.64
Testing 82.85205696202532
181 0 0.10 -2.10 -1.67 0.58 0.15 79.65
181 50 0.10 -2.10 -1.67 0.58 0.15 79.65
181 100 0.10 -2.10 -1.67 0.58 0.15 79.66
181 150 0.10 -2.10 -1.67 0.58 0.15 79.67
181 200 0.10 -2.10 -1.67 0.58 0.15 79.67
181 250 0.10 -2.10 -1.67 0.58 0.15 79.68
181 300 0.10 -2.10 -1.67 0.58 0.15 79.69
181 350 0.10 -2.10 -1.67 0.58 0.15 79.69
Testing 82.17958860759494
182 0 0.10 -2.10 -1.67 0.58 0.15 79.70
182 50 0.10 -2.10 -1.67 0.58 0.15 79.71
182 100 0.10 -2.10 -1.67 0.58 0.15 79.71
182 150 0.10 -2.10 -1.67 0.58 0.15 79.72
182 200 0.10 -2.10 -1.68 0.58 0.15 79.73
182 250 0.10 -2.10 -1.68 0.58 0.15 79.73
182 300 0.10 -2.10 -1.68 0.58 0.15 79.74
182 350 0.10 -2.10 -1.68 0.58 0.15 79.75
Testing 83.03006329113924
183 0 0.10 -2.10 -1.68 0.58 0.15 79.75
183 50 0.10 -2.10 -1.68 0.58 0.15 79.76
183 100 0.10 -2.10 -1.68 0.58 0.15 79.77
183 150 0.10 -2.10 -1.68 0.58 0.15 79.77
183 200 0.10 -2.11 -1.68 0.58 0.15 79.78
183 250 0.10 -2.11 -1.68 0.58 0.15 79.79
183 300 0.10 -2.11 -1.68 0.58 0.15 79.79
183 350 0.10 -2.11 -1.68 0.58 0.15 79.80
Testing 83.45530063291139
184 0 0.10 -2.11 -1.68 0.58 0.15 79.80
184 50 0.10 -2.11 -1.68 0.58 0.15 79.81
184 100 0.10 -2.11 -1.68 0.58 0.15 79.82
184 150 0.10 -2.11 -1.68 0.58 0.15 79.83
184 200 0.10 -2.11 -1.68 0.58 0.15 79.83
184 250 0.10 -2.11 -1.68 0.58 0.15 79.84
184 300 0.10 -2.11 -1.68 0.58 0.15 79.85
184 350 0.10 -2.11 -1.68 0.58 0.15 79.85
Testing 83.57397151898734
185 0 0.10 -2.11 -1.68 0.58 0.15 79.86
185 50 0.10 -2.11 -1.68 0.58 0.15 79.86
185 100 0.10 -2.11 -1.68 0.58 0.15 79.87
185 150 0.10 -2.11 -1.68 0.58 0.15 79.88
185 200 0.10 -2.11 -1.69 0.58 0.15 79.88
185 250 0.10 -2.11 -1.69 0.58 0.15 79.89
185 300 0.10 -2.11 -1.69 0.58 0.14 79.90
185 350 0.10 -2.11 -1.69 0.58 0.14 79.90
Testing 83.1882911392405
186 0 0.10 -2.11 -1.69 0.58 0.14 79.91
186 50 0.10 -2.11 -1.69 0.58 0.14 79.92
186 100 0.10 -2.12 -1.69 0.57 0.14 79.92
186 150 0.10 -2.12 -1.69 0.57 0.14 79.93
186 200 0.10 -2.12 -1.69 0.57 0.14 79.94
186 250 0.10 -2.12 -1.69 0.57 0.14 79.94
186 300 0.10 -2.12 -1.69 0.57 0.14 79.95
186 350 0.10 -2.12 -1.69 0.57 0.14 79.96
Testing 83.71242088607595
187 0 0.10 -2.12 -1.69 0.57 0.14 79.96
187 50 0.10 -2.12 -1.69 0.57 0.14 79.97
187 100 0.10 -2.12 -1.69 0.57 0.14 79.97
187 150 0.10 -2.12 -1.69 0.57 0.14 79.98
187 200 0.10 -2.12 -1.69 0.57 0.14 79.99
187 250 0.10 -2.12 -1.69 0.57 0.14 79.99
187 300 0.10 -2.12 -1.69 0.57 0.14 80.00
187 350 0.10 -2.12 -1.69 0.57 0.14 80.01
Testing 82.8125
188 0 0.10 -2.12 -1.69 0.57 0.14 80.01
188 50 0.10 -2.12 -1.69 0.57 0.14 80.02
188 100 0.10 -2.12 -1.69 0.57 0.14 80.03
188 150 0.10 -2.12 -1.69 0.57 0.14 80.03
188 200 0.10 -2.12 -1.69 0.57 0.14 80.04
188 250 0.10 -2.12 -1.69 0.57 0.14 80.04
188 300 0.10 -2.12 -1.69 0.57 0.14 80.05
188 350 0.10 -2.12 -1.69 0.57 0.14 80.06
Testing 83.41574367088607
189 0 0.10 -2.12 -1.69 0.57 0.14 80.06
189 50 0.10 -2.12 -1.69 0.57 0.14 80.07
189 100 0.10 -2.12 -1.70 0.57 0.14 80.08
189 150 0.10 -2.12 -1.70 0.57 0.14 80.08
189 200 0.10 -2.12 -1.70 0.57 0.14 80.09
189 250 0.10 -2.12 -1.70 0.57 0.14 80.10
189 300 0.10 -2.13 -1.70 0.57 0.14 80.10
189 350 0.10 -2.13 -1.70 0.57 0.14 80.11
Testing 82.90150316455696
190 0 0.10 -2.13 -1.70 0.57 0.14 80.11
190 50 0.10 -2.13 -1.70 0.57 0.14 80.12
190 100 0.10 -2.13 -1.70 0.57 0.14 80.13
190 150 0.10 -2.13 -1.70 0.57 0.14 80.13
190 200 0.10 -2.13 -1.70 0.57 0.14 80.14
190 250 0.10 -2.13 -1.70 0.57 0.14 80.15
190 300 0.10 -2.13 -1.70 0.57 0.14 80.15
190 350 0.10 -2.13 -1.70 0.57 0.14 80.16
Testing 83.98931962025317
191 0 0.10 -2.13 -1.70 0.57 0.14 80.16
191 50 0.10 -2.13 -1.70 0.57 0.14 80.17
191 100 0.10 -2.13 -1.70 0.57 0.14 80.18
191 150 0.10 -2.13 -1.70 0.57 0.14 80.18
191 200 0.10 -2.13 -1.70 0.57 0.14 80.19
191 250 0.10 -2.13 -1.70 0.57 0.14 80.20
191 300 0.10 -2.13 -1.70 0.57 0.14 80.20
191 350 0.10 -2.13 -1.70 0.57 0.14 80.21
Testing 84.09810126582279
192 0 0.10 -2.13 -1.70 0.57 0.14 80.21
192 50 0.10 -2.13 -1.70 0.57 0.14 80.22
192 100 0.10 -2.13 -1.71 0.57 0.14 80.23
192 150 0.10 -2.14 -1.71 0.57 0.14 80.23
192 200 0.10 -2.14 -1.71 0.57 0.14 80.24
192 250 0.10 -2.14 -1.71 0.57 0.14 80.24
192 300 0.10 -2.14 -1.71 0.57 0.14 80.25
192 350 0.10 -2.14 -1.71 0.57 0.14 80.26
Testing 83.9695411392405
193 0 0.10 -2.14 -1.71 0.57 0.14 80.26
193 50 0.10 -2.14 -1.71 0.56 0.14 80.27
193 100 0.10 -2.14 -1.71 0.56 0.14 80.27
193 150 0.10 -2.14 -1.71 0.56 0.14 80.28
193 200 0.10 -2.14 -1.71 0.56 0.14 80.29
193 250 0.10 -2.14 -1.71 0.56 0.14 80.29
193 300 0.10 -2.14 -1.71 0.56 0.14 80.30
193 350 0.10 -2.14 -1.71 0.56 0.14 80.31
Testing 82.97072784810126
194 0 0.10 -2.14 -1.71 0.56 0.14 80.31
194 50 0.10 -2.14 -1.71 0.56 0.14 80.32
194 100 0.10 -2.14 -1.71 0.56 0.14 80.32
194 150 0.10 -2.14 -1.71 0.56 0.14 80.33
194 200 0.10 -2.14 -1.71 0.56 0.14 80.34
194 250 0.10 -2.14 -1.71 0.56 0.14 80.34
194 300 0.10 -2.14 -1.71 0.56 0.14 80.35
194 350 0.10 -2.14 -1.71 0.56 0.14 80.35
Testing 82.99050632911393
195 0 0.10 -2.15 -1.72 0.56 0.14 80.36
195 50 0.10 -2.15 -1.72 0.56 0.14 80.37
195 100 0.10 -2.15 -1.72 0.56 0.14 80.37
195 150 0.10 -2.15 -1.72 0.56 0.14 80.38
195 200 0.10 -2.15 -1.72 0.56 0.14 80.38
195 250 0.10 -2.15 -1.72 0.56 0.14 80.39
195 300 0.10 -2.15 -1.72 0.56 0.14 80.40
195 350 0.10 -2.15 -1.72 0.56 0.14 80.40
Testing 83.22784810126582
196 0 0.10 -2.15 -1.72 0.56 0.14 80.41
196 50 0.10 -2.15 -1.72 0.56 0.14 80.41
196 100 0.10 -2.15 -1.72 0.56 0.14 80.42
196 150 0.10 -2.15 -1.72 0.56 0.14 80.43
196 200 0.10 -2.15 -1.72 0.56 0.14 80.43
196 250 0.10 -2.15 -1.72 0.56 0.14 80.44
196 300 0.10 -2.15 -1.72 0.56 0.14 80.44
196 350 0.10 -2.15 -1.72 0.56 0.14 80.45
Testing 83.27729430379746
197 0 0.10 -2.15 -1.72 0.56 0.14 80.46
197 50 0.10 -2.15 -1.72 0.56 0.14 80.46
197 100 0.10 -2.15 -1.72 0.56 0.14 80.47
197 150 0.10 -2.15 -1.72 0.56 0.14 80.47
197 200 0.10 -2.16 -1.73 0.56 0.14 80.48
197 250 0.10 -2.16 -1.73 0.56 0.14 80.49
197 300 0.10 -2.16 -1.73 0.56 0.14 80.49
197 350 0.10 -2.16 -1.73 0.56 0.14 80.50
Testing 83.61352848101266
198 0 0.10 -2.16 -1.73 0.56 0.14 80.50
198 50 0.10 -2.16 -1.73 0.56 0.14 80.51
198 100 0.10 -2.16 -1.73 0.56 0.14 80.52
198 150 0.10 -2.16 -1.73 0.56 0.14 80.52
198 200 0.10 -2.16 -1.73 0.56 0.14 80.53
198 250 0.10 -2.16 -1.73 0.56 0.14 80.53
198 300 0.10 -2.16 -1.73 0.56 0.14 80.54
198 350 0.10 -2.16 -1.73 0.56 0.14 80.55
Testing 82.77294303797468
199 0 0.10 -2.16 -1.73 0.56 0.14 80.55
199 50 0.10 -2.16 -1.73 0.56 0.14 80.56
199 100 0.10 -2.16 -1.73 0.56 0.14 80.56
199 150 0.10 -2.16 -1.73 0.56 0.14 80.57
199 200 0.10 -2.16 -1.73 0.56 0.14 80.58
199 250 0.10 -2.17 -1.73 0.56 0.14 80.58
199 300 0.10 -2.17 -1.73 0.56 0.14 80.59
199 350 0.10 -2.17 -1.74 0.56 0.14 80.59
Testing 83.32674050632912
Application 82103441 resources: utime ~146058s, stime ~11102s, Rss ~1709896, inblocks ~1771576, outblocks ~10892191
