----------------------------------------
Begin Torque Prologue on nid25433
at Sat Oct 12 21:33:52 CDT 2019
Job Id:			10543640.bw
Username:		tra200
Group:			TRAIN_bayw
Job name:		sync_sgd_cifar100
Requested resources:	nodes=04:ppn=16:xk,walltime=04:00:00,neednodes=04:ppn=16:xk
Queue:			normal
Account:		bayw
End Torque Prologue:  0.104 elapsed
----------------------------------------




Files already downloaded and verified
Files already downloaded and verified
Files already downloaded and verified
Files already downloaded and verified
Files already downloaded and verified
Files already downloaded and verified
Files already downloaded and verified
Files already downloaded and verified
0	0	0.032754	0.080200	0.032631	0.070580
3	0	0.032828	0.079800	0.032706	0.070940
2	0	0.032800	0.080600	0.032686	0.071720
1	0	0.032839	0.079200	0.032713	0.068980
0	1	0.029037	0.149200	0.028945	0.144900
3	1	0.029025	0.146700	0.028937	0.145840
2	1	0.029112	0.145400	0.029021	0.143860
1	1	0.029170	0.144200	0.029093	0.142280
0	2	0.026301	0.209000	0.026354	0.203940
3	2	0.026334	0.209200	0.026385	0.204420
2	2	0.026262	0.211400	0.026329	0.205020
1	2	0.026313	0.208300	0.026367	0.205800
0	3	0.025050	0.241300	0.025023	0.242940
3	3	0.025070	0.240300	0.025065	0.238720
2	3	0.025067	0.239700	0.025052	0.237300
1	3	0.025069	0.239100	0.025065	0.236680
0	4	0.023336	0.279000	0.023322	0.278200
3	4	0.023337	0.277700	0.023353	0.280500
2	4	0.023287	0.281100	0.023277	0.282660
1	4	0.023443	0.274100	0.023430	0.275260
0	5	0.023382	0.270800	0.023204	0.279440
3	5	0.023276	0.273300	0.023104	0.282920
2	5	0.023322	0.271300	0.023142	0.282700
1	5	0.023207	0.272200	0.023030	0.284380
0	6	0.022379	0.300800	0.022401	0.299420
3	6	0.022463	0.299500	0.022508	0.295600
2	6	0.022509	0.296000	0.022543	0.293140
1	6	0.022394	0.301100	0.022441	0.297000
0	7	0.020919	0.354900	0.020817	0.361220
3	7	0.020846	0.358600	0.020756	0.366300
2	7	0.020933	0.356300	0.020860	0.363660
1	7	0.020917	0.358000	0.020821	0.363960
0	8	0.021709	0.329600	0.021549	0.331920
3	8	0.021712	0.328700	0.021523	0.330960
2	8	0.021633	0.331000	0.021484	0.333400
1	8	0.021625	0.333300	0.021481	0.334840
0	9	0.021093	0.331700	0.021019	0.331300
3	9	0.021028	0.334500	0.020983	0.333860
2	9	0.021021	0.333700	0.020956	0.333960
1	9	0.020994	0.334100	0.020933	0.337000
0	10	0.020172	0.372800	0.020261	0.372480
3	10	0.019989	0.379200	0.020109	0.378820
2	10	0.020102	0.376800	0.020227	0.372380
1	10	0.020099	0.375700	0.020217	0.374340
0	11	0.020127	0.358400	0.019753	0.368020
3	11	0.020142	0.356900	0.019755	0.367040
2	11	0.020214	0.354200	0.019796	0.365680
1	11	0.020210	0.354200	0.019820	0.365640
0	12	0.019407	0.391300	0.019331	0.395580
3	12	0.019360	0.392500	0.019278	0.399640
2	12	0.019324	0.394000	0.019225	0.399420
1	12	0.019328	0.393300	0.019233	0.397620
0	13	0.019028	0.382200	0.018664	0.411960
3	13	0.019087	0.381700	0.018710	0.409240
2	13	0.019113	0.382000	0.018785	0.407180
1	13	0.019026	0.382800	0.018675	0.411260
0	14	0.021599	0.310200	0.021290	0.323140
3	14	0.021797	0.302300	0.021489	0.316000
2	14	0.021804	0.302700	0.021464	0.314320
1	14	0.021667	0.308200	0.021376	0.318120
0	15	0.020609	0.349300	0.020326	0.355880
3	15	0.020634	0.348300	0.020321	0.356880
2	15	0.020608	0.348200	0.020306	0.358060
1	15	0.020656	0.348200	0.020350	0.359900
0	16	0.020383	0.351600	0.020175	0.362900
3	16	0.020232	0.356800	0.020058	0.368280
2	16	0.020302	0.356400	0.020126	0.366820
1	16	0.020338	0.357400	0.020133	0.369300
0	17	0.018246	0.423500	0.018289	0.424280
3	17	0.018191	0.426900	0.018222	0.422680
2	17	0.018279	0.423300	0.018333	0.419720
1	17	0.018236	0.423300	0.018287	0.420440
0	18	0.020256	0.350400	0.019946	0.357120
3	18	0.020151	0.349300	0.019893	0.357620
2	18	0.020077	0.354000	0.019817	0.359820
1	18	0.020080	0.355300	0.019794	0.361440
0	19	0.020197	0.367700	0.020238	0.367380
3	19	0.020210	0.366700	0.020206	0.368180
2	19	0.020117	0.371100	0.020133	0.370480
1	19	0.020126	0.371800	0.020124	0.371600
0	20	0.018789	0.404400	0.018749	0.408000
3	20	0.018610	0.408000	0.018567	0.414180
2	20	0.018687	0.405400	0.018651	0.411920
1	20	0.018699	0.403400	0.018650	0.411060
0	21	0.014947	0.534900	0.014600	0.560040
3	21	0.014993	0.533600	0.014635	0.558580
2	21	0.014941	0.535700	0.014607	0.557660
1	21	0.014960	0.534900	0.014613	0.559980
0	22	0.014411	0.550100	0.013960	0.580600
3	22	0.014466	0.548700	0.014041	0.577660
2	22	0.014471	0.549600	0.014034	0.577060
1	22	0.014488	0.549700	0.014065	0.575040
0	23	0.014336	0.552900	0.013907	0.580700
3	23	0.014325	0.552700	0.013901	0.583240
2	23	0.014349	0.551400	0.013926	0.581980
1	23	0.014362	0.550100	0.013956	0.580220
0	24	0.014300	0.548100	0.013720	0.580900
3	24	0.014185	0.553400	0.013618	0.586460
2	24	0.014279	0.551000	0.013711	0.585100
1	24	0.014300	0.550500	0.013764	0.583380
0	25	0.014089	0.557200	0.013561	0.591220
3	25	0.014113	0.559000	0.013568	0.593260
2	25	0.014078	0.557000	0.013520	0.593600
1	25	0.014068	0.558200	0.013510	0.594540
0	26	0.013716	0.567600	0.013069	0.609940
3	26	0.013734	0.566400	0.013066	0.609560
2	26	0.013634	0.570500	0.012993	0.607200
1	26	0.013732	0.568600	0.013072	0.611580
0	27	0.013557	0.572100	0.012964	0.613640
3	27	0.013565	0.571600	0.012939	0.615680
2	27	0.013641	0.571800	0.013066	0.611960
1	27	0.013599	0.573000	0.013000	0.615600
0	28	0.013585	0.574800	0.012951	0.615560
3	28	0.013579	0.574200	0.012931	0.614900
2	28	0.013596	0.572600	0.012970	0.614860
1	28	0.013572	0.574500	0.012920	0.615280
0	29	0.013462	0.572300	0.012739	0.614240
3	29	0.013452	0.576100	0.012731	0.616400
2	29	0.013451	0.576200	0.012747	0.615520
1	29	0.013432	0.576000	0.012721	0.616540
0	30	0.013567	0.573500	0.012805	0.616120
3	30	0.013560	0.571000	0.012776	0.616300
2	30	0.013511	0.574000	0.012703	0.618960
1	30	0.013536	0.573400	0.012731	0.617240
0	31	0.013462	0.574500	0.012698	0.618440
3	31	0.013486	0.572000	0.012743	0.615200
2	31	0.013459	0.574200	0.012688	0.618320
1	31	0.013432	0.573200	0.012678	0.616740
0	32	0.013247	0.579200	0.012383	0.630240
3	32	0.013238	0.578900	0.012363	0.628540
2	32	0.013256	0.576500	0.012349	0.628520
1	32	0.013265	0.578400	0.012391	0.629540
0	33	0.013055	0.590400	0.012269	0.636760
3	33	0.013000	0.591300	0.012191	0.637780
2	33	0.013092	0.587700	0.012314	0.635220
1	33	0.013023	0.589800	0.012229	0.636980
0	34	0.013414	0.576300	0.012524	0.623800
3	34	0.013376	0.577100	0.012472	0.623400
2	34	0.013347	0.576600	0.012451	0.624120
1	34	0.013365	0.575500	0.012476	0.624820
0	35	0.013303	0.571500	0.012512	0.619040
3	35	0.013241	0.575100	0.012489	0.620020
2	35	0.013216	0.573400	0.012456	0.623680
1	35	0.013155	0.574200	0.012359	0.623100
0	36	0.013247	0.574300	0.012329	0.627980
3	36	0.013238	0.573100	0.012355	0.627640
2	36	0.013238	0.571700	0.012319	0.627720
1	36	0.013286	0.570200	0.012401	0.624480
0	37	0.012943	0.590900	0.012074	0.646440
3	37	0.012894	0.590300	0.012024	0.645000
2	37	0.012941	0.592200	0.012067	0.646220
1	37	0.012921	0.588200	0.012046	0.644340
0	38	0.013311	0.578400	0.012431	0.631560
3	38	0.013233	0.582200	0.012360	0.631920
2	38	0.013243	0.583200	0.012362	0.634360
1	38	0.013286	0.583700	0.012437	0.632160
0	39	0.013155	0.574100	0.012276	0.633260
3	39	0.013204	0.571300	0.012318	0.629820
2	39	0.013180	0.571400	0.012291	0.631640
1	39	0.013208	0.572100	0.012325	0.631840
0	40	0.012781	0.591200	0.011832	0.645260
3	40	0.012781	0.590500	0.011834	0.648340
2	40	0.012763	0.592300	0.011807	0.648420
1	40	0.012719	0.595100	0.011770	0.648940
0	41	0.012525	0.598700	0.011555	0.653260
3	41	0.012563	0.595600	0.011559	0.649520
2	41	0.012625	0.593100	0.011631	0.649860
1	41	0.012622	0.594300	0.011635	0.650240
0	42	0.012806	0.592400	0.011924	0.650380
3	42	0.012851	0.589300	0.011983	0.647500
2	42	0.012812	0.590400	0.011928	0.647680
1	42	0.012805	0.591500	0.011924	0.648500
0	43	0.012536	0.596600	0.011555	0.657440
3	43	0.012496	0.599300	0.011485	0.657440
2	43	0.012526	0.598000	0.011516	0.660540
1	43	0.012539	0.598600	0.011557	0.655160
0	44	0.012542	0.598800	0.011543	0.657240
3	44	0.012568	0.600500	0.011615	0.657440
2	44	0.012530	0.597200	0.011523	0.659620
1	44	0.012552	0.596600	0.011547	0.657900
0	45	0.012895	0.585500	0.011859	0.647220
3	45	0.012798	0.587700	0.011756	0.649680
2	45	0.012802	0.589100	0.011811	0.652220
1	45	0.012854	0.587400	0.011830	0.651220
0	46	0.013263	0.574400	0.012189	0.627800
3	46	0.013183	0.574200	0.012087	0.630980
2	46	0.013259	0.574700	0.012145	0.625100
1	46	0.013301	0.572500	0.012224	0.626400
0	47	0.013114	0.574000	0.012018	0.636640
3	47	0.013065	0.577300	0.011975	0.639680
2	47	0.013098	0.577100	0.012028	0.637960
1	47	0.013040	0.579200	0.011984	0.638940
0	48	0.012859	0.581700	0.011735	0.646980
3	48	0.012935	0.578300	0.011803	0.641060
2	48	0.012862	0.580300	0.011725	0.642620
1	48	0.013003	0.576800	0.011871	0.638300
0	49	0.013043	0.580800	0.011932	0.642240
3	49	0.013070	0.585300	0.011971	0.639880
2	49	0.012973	0.584600	0.011865	0.645980
1	49	0.013041	0.581000	0.011946	0.638360
0	50	0.012672	0.588700	0.011666	0.648360
3	50	0.012753	0.583900	0.011744	0.643520
2	50	0.012765	0.581300	0.011716	0.641780
1	50	0.012705	0.582400	0.011658	0.645040
0	51	0.012847	0.590700	0.011636	0.652980
3	51	0.012885	0.587300	0.011637	0.651080
2	51	0.012904	0.585800	0.011716	0.649080
1	51	0.012837	0.589300	0.011598	0.652780
0	52	0.012710	0.587600	0.011626	0.653300
3	52	0.012668	0.589900	0.011594	0.655260
2	52	0.012636	0.591000	0.011555	0.655060
1	52	0.012603	0.592000	0.011541	0.654460
0	53	0.012832	0.583000	0.011682	0.645200
3	53	0.012814	0.581800	0.011662	0.645440
2	53	0.012800	0.582000	0.011634	0.646280
1	53	0.012730	0.585900	0.011570	0.648820
0	54	0.012929	0.587800	0.011917	0.640100
3	54	0.012867	0.591700	0.011845	0.644160
2	54	0.012954	0.588700	0.011903	0.642620
1	54	0.012922	0.590100	0.011900	0.641720
0	55	0.012717	0.591700	0.011600	0.648980
3	55	0.012678	0.591900	0.011554	0.649700
2	55	0.012737	0.590600	0.011609	0.647920
1	55	0.012688	0.590600	0.011564	0.648700
0	56	0.012478	0.595400	0.011311	0.658540
3	56	0.012468	0.596100	0.011311	0.660680
2	56	0.012509	0.595100	0.011371	0.659080
1	56	0.012458	0.594700	0.011303	0.658180
0	57	0.012598	0.591800	0.011507	0.659600
3	57	0.012696	0.586200	0.011585	0.651660
2	57	0.012691	0.587300	0.011615	0.650680
1	57	0.012637	0.590400	0.011551	0.655240
0	58	0.012404	0.601200	0.011273	0.666180
3	58	0.012443	0.599400	0.011312	0.666700
2	58	0.012410	0.600500	0.011291	0.666000
1	58	0.012381	0.600200	0.011250	0.667220

9.02%
15.92%
21.90%
25.13%
28.90%
28.08%
31.08%
36.49%
33.96%
34.17%
38.28%
36.84%
40.13%
39.22%
32.02%
35.93%
36.16%
43.35%
36.04%
37.77%
41.44%
54.49%
56.01%
56.29%
55.81%
56.72%
57.76%
58.21%
58.48%
58.23%
58.35%
58.45%
58.92%
60.04%
58.63%
58.15%
58.43%
60.09%
58.84%
58.41%
60.12%
60.87%
60.24%
60.66%
60.88%
59.55%
58.44%
58.40%
59.17%
59.08%
59.87%
60.07%
59.76%
59.30%
59.78%
60.17%
60.54%
60.18%
61.12%
