----------------------------------------
Begin Torque Prologue on nid27634
at Sun Oct 20 16:03:41 CDT 2019
Job Id:			10559913.bw
Username:		tra200
Group:			TRAIN_bayw
Job name:		1a_BOW_sentiment_analysis
Requested resources:	nodes=01:ppn=16:xk,walltime=02:00:00,neednodes=01:ppn=16:xk
Queue:			normal
Account:		bayw
End Torque Prologue:  0.102 elapsed
----------------------------------------




Optmizer: adam LR: 0.001000 EpochSize: 6 BatchSize: 200 VocalSize: 8000 HidenSize: 500
0 78.16 0.4653 17.9729
   83.94 0.3659
1 87.45 0.3047 16.8497
   85.73 0.3318
2 90.36 0.2394 16.8474
   87.10 0.3139
3 92.18 0.1970 16.8578
   87.33 0.3119
4 93.47 0.1695 16.8547
   87.29 0.3284
5 94.64 0.1432 16.8535
   86.85 0.3661
Optmizer: adam LR: 0.001000 EpochSize: 6 BatchSize: 200 VocalSize: 8000 HidenSize: 300
0 74.72 0.5097 13.0312
   82.11 0.4031
1 85.77 0.3364 13.0293
   86.02 0.3299
2 89.48 0.2604 13.0283
   86.67 0.3190
3 91.36 0.2175 13.0333
   87.41 0.3108
4 92.80 0.1852 13.0324
   87.55 0.3219
5 93.74 0.1607 13.0329
   87.38 0.3392
Optmizer: adam LR: 0.001000 EpochSize: 10 BatchSize: 200 VocalSize: 8000 HidenSize: 800
0 79.77 0.4364 22.6951
   80.86 0.4296
1 88.17 0.2850 22.6822
   87.28 0.3044
2 91.12 0.2223 22.6832
   87.40 0.3080
3 92.93 0.1825 22.6850
   83.10 0.4293
4 94.10 0.1541 22.6829
   87.19 0.3438
5 94.83 0.1333 22.6835
   87.16 0.3595
6 95.87 0.1118 22.6811
   86.93 0.4067
7 96.36 0.0969 22.6787
   86.76 0.4233
8 96.86 0.0825 22.6809
   86.12 0.5032
9 97.28 0.0746 22.6841
   86.16 0.5178
Optmizer: adam LR: 0.001000 EpochSize: 10 BatchSize: 500 VocalSize: 8000 HidenSize: 800
0 76.70 0.4823 22.1883
   83.14 0.4055
1 86.30 0.3257 22.1899
   85.92 0.3334
2 89.68 0.2544 22.1882
   81.60 0.4418
3 91.86 0.2086 22.1880
   87.25 0.3174
4 93.39 0.1742 22.1883
   86.24 0.3464
5 94.58 0.1477 22.1868
   87.18 0.3424
6 95.34 0.1262 22.1927
   87.03 0.3612
7 96.30 0.1056 22.1899
   86.78 0.3947
8 96.53 0.0957 22.1901
   85.84 0.4668
9 97.29 0.0782 22.1891
   86.43 0.4355
Application 81561292 resources: utime ~741s, stime ~100s, Rss ~1656508, inblocks ~734462, outblocks ~162970
