----------------------------------------
Begin Torque Prologue on nid25256
at Tue Oct 22 20:51:32 CDT 2019
Job Id:			10565041.bw
Username:		tra200
Group:			TRAIN_bayw
Job name:		1a_BOW_sentiment_analysis
Requested resources:	nodes=01:ppn=16:xk,walltime=02:00:00,neednodes=01:ppn=16:xk
Queue:			normal
Account:		bayw
End Torque Prologue:  0.118 elapsed
----------------------------------------




Optmizer: adam LR: 0.001000 EpochSize: 6 BatchSize: 200 VocalSize: 8000 HidenSize: 500
0 77.75 0.4663 17.9809
   83.85 0.3706
1 87.29 0.3046 16.8604
   86.60 0.3191
2 90.58 0.2374 16.8666
   87.18 0.3104
3 92.26 0.1988 16.8629
   87.18 0.3293
4 93.39 0.1699 16.8688
   87.74 0.3233
5 94.52 0.1439 16.8718
   87.55 0.3420
Optmizer: adam LR: 0.001000 EpochSize: 10 BatchSize: 200 VocalSize: 8000 HidenSize: 10
0 54.94 0.6873 9.3284
   60.76 0.6738
1 60.08 0.6687 9.3304
   64.96 0.6466
2 65.35 0.6302 9.3248
   70.48 0.5908
3 71.71 0.5682 9.3289
   75.32 0.5198
4 76.90 0.5035 9.3284
   78.84 0.4629
5 80.11 0.4559 9.3281
   81.36 0.4217
6 82.37 0.4162 9.3252
   82.85 0.3942
7 83.79 0.3893 9.3303
   83.89 0.3735
8 85.53 0.3654 9.3299
   84.68 0.3589
9 86.48 0.3439 9.3268
   85.31 0.3473
Optmizer: adam LR: 0.001000 EpochSize: 20 BatchSize: 200 VocalSize: 8000 HidenSize: 1500
0 80.72 0.4199 37.2418
   84.32 0.3600
1 88.95 0.2693 37.2140
   84.68 0.3492
2 91.62 0.2104 37.2080
   86.78 0.3219
3 93.35 0.1708 37.2107
   84.05 0.4298
4 94.37 0.1475 37.2099
   86.39 0.3928
5 95.62 0.1179 37.2205
   86.23 0.4186
6 95.97 0.1061 37.2205
   86.91 0.4102
7 96.82 0.0851 37.2191
   85.17 0.5203
8 97.60 0.0689 37.2205
   85.41 0.5382
9 97.61 0.0677 37.2174
   86.02 0.5256
10 98.23 0.0501 37.2188
   86.03 0.5722
11 98.63 0.0400 37.2395
   85.74 0.6528
12 98.69 0.0399 37.2190
   85.65 0.6733
13 98.64 0.0394 37.2186
   85.51 0.7183
14 98.91 0.0327 37.2168
   84.72 0.8382
15 98.97 0.0302 37.2205
   85.63 0.7428
16 99.17 0.0264 37.2206
   85.53 0.8038
17 99.06 0.0266 37.2198
   85.32 0.8490
18 99.18 0.0231 37.2194
   85.16 0.8788
19 99.40 0.0216 37.2213
   85.31 0.8734
Optmizer: sgd LR: 0.001000 EpochSize: 100 BatchSize: 500 VocalSize: 8000 HidenSize: 500
0 54.09 0.6934 16.4762
   57.94 0.6812
1 59.39 0.6683 16.4737
   63.76 0.6547
2 62.99 0.6505 16.4717
   66.38 0.6386
3 64.94 0.6362 16.4677
   67.90 0.6244
4 66.46 0.6239 16.4744
   69.28 0.6115
5 67.78 0.6116 16.4739
   70.07 0.6000
6 68.46 0.6006 16.4721
   71.02 0.5893
7 69.59 0.5905 16.4723
   71.75 0.5790
8 70.53 0.5801 16.4744
   72.40 0.5696
9 70.93 0.5725 16.4737
   72.92 0.5607
10 71.81 0.5646 16.4735
   73.58 0.5525
11 72.22 0.5555 16.4723
   73.98 0.5450
12 72.86 0.5487 16.4733
   74.47 0.5379
13 73.34 0.5441 16.4751
   74.92 0.5316
14 73.78 0.5368 16.4710
   75.22 0.5252
15 74.39 0.5287 16.4751
   75.48 0.5201
16 74.70 0.5258 16.4741
   75.76 0.5148
17 74.87 0.5209 16.4741
   75.86 0.5105
18 75.18 0.5152 16.4763
   76.24 0.5056
19 75.72 0.5100 16.4733
   76.45 0.5012
20 76.04 0.5056 16.4734
   76.65 0.4977
21 76.24 0.5018 16.4733
   76.78 0.4947
22 76.59 0.4990 16.4718
   76.93 0.4910
23 76.81 0.4941 16.4726
   77.06 0.4877
24 77.18 0.4894 16.4717
   77.26 0.4846
25 77.10 0.4878 16.4730
   77.62 0.4816
26 77.21 0.4831 16.4748
   77.69 0.4791
27 77.28 0.4819 16.4724
   77.80 0.4768
28 77.92 0.4780 16.4742
   77.86 0.4747
29 77.91 0.4740 16.4749
   78.03 0.4720
30 77.93 0.4719 16.4749
   78.11 0.4703
31 78.23 0.4705 16.4712
   78.26 0.4684
32 78.52 0.4663 16.4754
   78.27 0.4668
33 78.47 0.4666 16.4741
   78.40 0.4653
34 78.84 0.4610 16.4740
   78.53 0.4628
35 78.83 0.4611 16.4744
   78.56 0.4620
36 79.05 0.4575 16.4741
   78.58 0.4611
37 79.01 0.4577 16.4734
   78.68 0.4593
38 79.35 0.4530 16.4749
   78.58 0.4582
39 79.12 0.4525 16.4740
   78.84 0.4568
40 79.36 0.4529 16.4755
   78.78 0.4562
41 79.60 0.4486 16.4765
   78.94 0.4547
42 79.53 0.4476 16.4726
   79.01 0.4542
43 79.55 0.4459 16.5631
   79.13 0.4527
44 79.68 0.4436 16.4734
   79.16 0.4516
45 79.77 0.4408 16.4687
   79.07 0.4521
46 79.91 0.4404 16.4721
   79.14 0.4503
47 80.06 0.4379 16.4765
   79.08 0.4496
48 79.85 0.4417 16.4643
   79.17 0.4490
49 80.14 0.4376 16.4717
   79.31 0.4488
50 80.53 0.4346 16.4731
   79.19 0.4481
51 80.38 0.4327 16.4682
   79.28 0.4472
52 80.53 0.4316 16.4718
   79.18 0.4475
53 80.52 0.4320 16.4697
   79.18 0.4462
54 80.56 0.4287 16.4741
   79.30 0.4454
55 80.60 0.4297 16.4736
   79.35 0.4446
56 80.78 0.4286 16.4711
   79.36 0.4444
57 80.56 0.4277 16.4703
   79.32 0.4442
58 80.83 0.4250 16.4742
   79.42 0.4437
59 81.06 0.4225 16.4704
   79.48 0.4432
60 80.79 0.4241 16.4711
   79.47 0.4430
61 81.05 0.4202 16.4739
   79.44 0.4428
62 81.25 0.4200 16.4742
   79.53 0.4427
63 81.18 0.4187 16.4742
   79.45 0.4418
64 81.19 0.4207 16.4726
   79.55 0.4416
65 81.39 0.4150 16.4732
   79.57 0.4412
66 81.24 0.4159 16.4755
   79.60 0.4409
67 81.45 0.4169 16.4752
   79.61 0.4406
68 81.45 0.4159 16.4744
   79.68 0.4405
69 81.40 0.4146 16.4727
   79.56 0.4404
70 81.46 0.4123 16.4745
   79.49 0.4400
71 81.36 0.4142 16.4720
   79.64 0.4396
72 81.72 0.4109 16.4749
   79.61 0.4395
73 81.84 0.4092 16.4738
   79.64 0.4391
74 81.80 0.4087 16.4714
   79.65 0.4400
75 81.44 0.4134 16.4732
   79.61 0.4390
76 81.92 0.4083 16.4690
   79.77 0.4388
77 81.90 0.4064 16.4704
   79.73 0.4385
78 82.03 0.4040 16.4729
   79.70 0.4386
79 82.07 0.4051 16.4742
   79.71 0.4376
80 82.06 0.4054 16.4741
   79.77 0.4375
81 81.99 0.4046 16.4730
   79.78 0.4378
82 82.10 0.4030 16.4680
   79.69 0.4384
83 81.82 0.4054 16.4724
   79.82 0.4375
84 82.15 0.4022 16.4746
   79.80 0.4373
85 82.30 0.3988 16.5155
   79.79 0.4372
86 82.20 0.3985 16.4742
   79.80 0.4371
87 82.28 0.4002 16.4727
   79.79 0.4367
88 82.20 0.3993 16.4566
   79.76 0.4369
89 82.31 0.3969 16.4685
   79.72 0.4374
90 82.53 0.3962 16.4739
   79.90 0.4365
91 82.22 0.3977 16.4728
   79.75 0.4367
92 82.38 0.3974 16.4684
   79.84 0.4366
93 82.29 0.3987 16.4742
   79.86 0.4362
94 82.50 0.3978 16.4694
   79.88 0.4362
95 82.79 0.3925 16.4723
   79.91 0.4357
96 82.78 0.3916 16.4753
   79.92 0.4361
97 82.71 0.3927 16.4738
   79.84 0.4357
98 82.56 0.3936 16.4663
   79.84 0.4354
99 82.79 0.3926 16.4735
   79.83 0.4355
Application 81580847 resources: utime ~2893s, stime ~340s, Rss ~1666192, inblocks ~730559, outblocks ~178692
