----------------------------------------
Begin Torque Prologue on nid25261
at Thu Oct 24 23:15:32 CDT 2019
Job Id:			10570941.bw
Username:		tra200
Group:			TRAIN_bayw
Job name:		2a_RNN_sentiment_analysis
Requested resources:	nodes=01:ppn=16:xk,walltime=15:00:00,neednodes=01:ppn=16:xk
Queue:			normal
Account:		bayw
End Torque Prologue:  0.102 elapsed
----------------------------------------




Optmizer: adam LR: 0.001000 EpochSize: 75 BatchSize: 200 VocalSize: 8000 HidenSize: 500
begin training...
1000 0.0406 8.849730491638184 0.4351233046688346 8.6032
2000 0.06709999999999999 8.630021095275879 0.4118109748931134 15.8818
3000 0.0793 8.32781982421875 0.46721029385233714 23.1775
4000 0.0909 7.918131351470947 0.5016463952219592 30.4702
5000 0.1041 7.4728007316589355 0.5036401204520818 37.7410
6000 0.1124 7.158260345458984 0.4921928773136564 45.0200
7000 0.1161 6.895376205444336 0.4167509245453068 52.3083
8000 0.1259 6.593425273895264 0.3888760707975505 59.5846
9000 0.1184 6.397675514221191 0.39474145856324244 66.8516
10000 0.1367 6.176181316375732 0.3974784056731325 74.1210
11000 0.135 6.031904220581055 0.3849077064961238 81.3993
12000 0.1392 5.897552013397217 0.38391944799656297 88.6762
13000 0.1409 5.7774152755737305 0.35693105080424875 96.0264
14000 0.1413 5.729733943939209 0.34844061078618094 103.2757
15000 0.1409 5.567333698272705 0.3606989171804097 110.5767
16000 0.1475 5.571624279022217 0.3351904218517033 117.8965
17000 0.1477 5.500795364379883 0.3106981686332325 125.1639
18000 0.1491 5.405747890472412 0.2976185713650563 132.4435
19000 0.1539 5.374857425689697 0.287773590948342 139.7281
20000 0.1552 5.3355937004089355 0.2854290433812517 147.0065
21000 0.1509 5.370057106018066 0.2967128439368458 154.2988
22000 0.1527 5.308760166168213 0.27360904082289456 161.5709
23000 0.157 5.185801029205322 0.2730496595286166 168.8543
24000 0.1469 5.289129257202148 0.28234583895026677 176.1326
25000 0.1567 5.247753620147705 0.2802638166914574 183.4331
26000 0.1555 5.1666412353515625 0.2684799374768663 190.7303
27000 0.1588 5.14463996887207 0.25746734592312853 197.9740
28000 0.1572 5.145933151245117 0.26894440620991106 205.2500
29000 0.1583 5.095773696899414 0.259393983729663 212.5172
30000 0.15789999999999998 5.155228614807129 0.2562247811586782 219.8087
31000 0.1617 5.103834629058838 0.25709653593304693 227.0978
32000 0.1624 5.085944175720215 0.2553958985463565 234.3959
33000 0.1659 5.03481912612915 0.27119192735024944 241.6498
34000 0.1723 5.024725437164307 0.24863613000954704 248.9219
35000 0.1605 5.053466796875 0.2675022788954148 256.2439
36000 0.16 4.994932174682617 0.269627061172027 263.5028
37000 0.17170000000000002 4.921882629394531 0.25228092825495213 270.8096
38000 0.16870000000000002 4.996941089630127 0.24951386021807553 278.0788
39000 0.1673 4.981571197509766 0.25064359887834897 285.3909
40000 0.1724 4.925539016723633 0.25781552708862226 292.6443
41000 0.1727 5.034090518951416 0.25070046676776436 299.8865
42000 0.1721 4.877785682678223 0.2506556443299196 307.1382
43000 0.16579999999999998 5.049098968505859 0.25830339486237136 314.4382
44000 0.1757 4.923722743988037 0.2505289942087168 321.6924
45000 0.1771 4.895587921142578 0.25951654792642764 328.9769
46000 0.174 4.946285724639893 0.24444630764552908 336.2627
47000 0.1741 4.95712947845459 0.27866879001312117 343.5443
48000 0.17859999999999998 4.906863212585449 0.24993056123804774 350.8312
49000 0.17550000000000002 4.92959451675415 0.2619388935190646 358.1224
50000 0.1822 4.914785385131836 0.24816469196368707 365.4479
51000 0.1772 4.834996700286865 0.2533207156921239 372.7010
52000 0.17170000000000002 4.902315139770508 0.2524790417848473 379.9810
53000 0.1734 4.851491451263428 0.2553039511777451 387.2602
54000 0.1832 4.822986125946045 0.24815709887282902 394.5348
55000 0.1813 4.881471157073975 0.24630882394884376 401.8116
56000 0.1838 4.841155529022217 0.24363976946951962 409.1315
57000 0.1782 4.877779960632324 0.25221967303161213 416.4219
58000 0.18359999999999999 4.902375221252441 0.2501785344486044 423.6912
59000 0.18230000000000002 4.867305278778076 0.25049543853757444 430.9785
60000 0.1858 4.774848461151123 0.2457745074043025 438.2337
61000 0.17809999999999998 4.840903282165527 0.25106950027289887 445.5061
62000 0.1866 4.866462707519531 0.2514223002263001 452.7586
63000 0.1764 4.766412258148193 0.25222620865532647 460.0445
64000 0.1869 4.771914958953857 0.24896001317954491 467.3309
65000 0.1867 4.798446178436279 0.24543574247369693 474.6087
66000 0.1877 4.813898086547852 0.2526868514481981 481.9053
67000 0.1813 4.797371864318848 0.24869931968354855 489.1322
68000 0.1892 4.759679794311523 0.24980316095220895 496.4050
69000 0.1822 4.8142499923706055 0.2557597320177825 503.7083
70000 0.1884 4.7333221435546875 0.24791860163312843 510.9478
71000 0.1826 4.742842674255371 0.24857692184570612 518.2455
72000 0.1863 4.727416038513184 0.24568514159255683 525.5360
73000 0.19269999999999998 4.743149280548096 0.24172974133487674 532.8210
74000 0.18100000000000002 4.777324199676514 0.2529774433409706 540.1025
75000 0.1938 4.734464645385742 0.24770178840438678 547.3818
0 15.83 5.3938 547.3819
1000 0.21489999999999998
2000 0.23149999999999998
3000 0.228
4000 0.21059999999999998
5000 0.22210000000000002
6000 0.22065
7000 0.23485
8000 0.2168
9000 0.22515000000000002
10000 0.21059999999999998
11000 0.2325
12000 0.22135000000000002
13000 0.2325
14000 0.23335
15000 0.22375
16000 0.22475
17000 0.2162
18000 0.22440000000000002
19000 0.21625
20000 0.23684999999999998
21000 0.23254999999999998
22000 0.21405000000000002
23000 0.22785
24000 0.22519999999999998
25000 0.22515000000000002
   22.38 4.7345 63.9938
1 19.79 4.6403 548.0778
   24.20 4.6585 64.0121
2 20.95 4.4990 550.3628
   24.99 4.4435 63.9913
3 21.52 4.4272 549.2550
   25.49 4.4350 64.0116
4 21.95 4.3764 549.6547
   25.91 4.3968 64.0044
5 22.28 4.3377 549.7289
   26.11 4.3214 63.9958
6 22.52 4.3062 550.0370
   26.40 4.3548 63.9915
7 22.81 4.2733 550.1053
   26.64 4.2245 63.9944
8 23.03 4.2519 549.2534
   26.73 4.2783 64.0036
9 23.16 4.2354 549.6068
   26.88 4.1616 63.9982
10 23.26 4.2216 549.3952
   26.99 4.2479 63.9875
11 23.40 4.2075 549.3534
   27.04 4.2991 64.0006
12 23.46 4.1977 550.2560
   27.20 4.1996 64.0028
13 23.63 4.1840 549.6024
   27.25 4.2161 64.0138
14 23.63 4.1759 549.1056
   27.34 4.2207 63.9955
15 23.75 4.1669 549.4331
   27.35 4.1699 63.9789
16 23.81 4.1575 549.0552
   27.44 4.1185 63.9973
17 23.92 4.1477 549.8473
   27.49 4.1353 64.0083
18 23.95 4.1438 549.7915
   27.53 4.0914 64.0114
19 23.99 4.1384 550.0722
   27.62 4.1316 63.9831
20 24.10 4.1276 550.2668
   27.61 4.1749 64.0031
21 24.12 4.1251 549.1311
   27.74 4.0940 64.0193
22 24.20 4.1169 549.4242
   27.68 4.0707 64.0257
23 24.21 4.1123 549.6166
   27.76 4.1215 64.0209
24 24.29 4.1049 550.4625
   27.76 4.0549 63.9903
25 24.36 4.1001 549.2967
   27.81 4.2018 63.9967
26 24.42 4.0948 549.7119
   27.86 4.1729 64.0089
27 24.43 4.0899 549.1215
   27.85 4.0255 64.0013
28 24.49 4.0848 548.7377
   27.91 4.1241 63.9985
29 24.50 4.0805 549.2387
   27.95 4.0909 63.9884
30 24.57 4.0792 548.8285
   27.92 4.1205 63.9978
31 24.57 4.0726 548.9379
   27.99 4.0862 64.0115
32 24.62 4.0701 549.0551
   28.03 4.0665 64.0099
33 24.64 4.0651 548.9425
   27.95 4.0959 64.0006
34 24.67 4.0634 549.7396
   28.03 4.0603 64.0000
35 24.71 4.0576 549.5161
   28.04 4.0573 63.9950
36 24.75 4.0552 549.0742
   28.07 4.0909 64.0021
37 24.80 4.0516 548.8596
   28.08 4.0479 63.9993
38 24.82 4.0476 549.8663
   28.13 4.0055 64.0084
39 24.87 4.0439 550.1996
   28.20 4.1669 63.9783
40 24.87 4.0428 549.7792
   28.14 4.0655 63.9857
41 24.89 4.0399 549.4676
   28.21 4.0716 63.9752
42 24.94 4.0365 550.4495
   28.22 4.0594 63.9902
43 24.96 4.0313 550.3562
   28.23 4.0230 63.9970
44 25.00 4.0301 549.9174
   28.25 4.0236 63.9858
45 25.03 4.0286 550.0259
   28.23 4.0640 64.0024
46 25.02 4.0233 550.1945
   28.28 4.0100 64.0012
47 25.03 4.0208 550.2980
   28.27 4.0342 63.9861
48 25.09 4.0190 549.7882
   28.27 4.0043 64.0065
49 25.08 4.0169 549.7270
   28.30 4.0275 63.9997
50 25.26 3.9986 549.7277
   28.38 3.9376 64.0168
51 25.39 3.9898 550.2756
   28.45 4.0236 64.0077
52 25.42 3.9847 551.1863
   28.48 4.0211 63.9959
53 25.45 3.9814 550.3159
   28.46 3.9571 63.9896
54 25.47 3.9804 550.3029
   28.49 3.9531 64.0122
55 25.51 3.9779 549.9006
   28.48 3.9531 63.9861
56 25.51 3.9745 549.6164
   28.45 3.9627 64.0083
57 25.54 3.9732 550.2037
   28.49 4.0063 63.9987
58 25.57 3.9709 549.8859
   28.51 4.0119 63.9958
59 25.54 3.9711 551.9007
   28.52 3.9544 63.9996
60 25.58 3.9702 550.0634
   28.52 3.9147 64.0041
61 25.57 3.9673 549.2237
   28.54 4.0230 64.0237
62 25.60 3.9682 549.4476
   28.56 4.0154 63.9992
63 25.61 3.9677 549.9818
   28.56 4.0037 64.0070
64 25.59 3.9656 549.5383
   28.56 4.0310 63.9880
65 25.64 3.9623 550.0699
   28.57 3.9969 63.9986
66 25.65 3.9616 548.6746
   28.56 3.9121 64.0103
67 25.63 3.9621 549.2429
   28.53 3.9551 64.0223
68 25.64 3.9610 550.3027
   28.56 3.9785 63.9896
69 25.67 3.9601 550.9058
   28.56 3.9375 64.0154
70 25.70 3.9585 549.7739
   28.55 3.9404 64.0116
71 25.68 3.9572 549.4187
   28.59 3.9489 63.9881
72 25.72 3.9546 549.9936
   28.59 3.9587 64.0007
73 25.73 3.9557 549.2528
   28.60 3.9167 64.0061
74 25.73 3.9526 549.1999
   28.62 3.9682 64.0082
Application 81593597 resources: utime ~45286s, stime ~779s, Rss ~2214680, inblocks ~195666, outblocks ~16506810
