----------------------------------------
Begin Torque Prologue on nid25253
at Tue Oct 22 20:51:34 CDT 2019
Job Id:			10565044.bw
Username:		tra200
Group:			TRAIN_bayw
Job name:		2a_RNN_sentiment_analysis
Requested resources:	nodes=01:ppn=16:xk,walltime=02:00:00,neednodes=01:ppn=16:xk
Queue:			normal
Account:		bayw
End Torque Prologue:  0.110 elapsed
----------------------------------------




Optmizer: adam LR: 0.001000 EpochSize: 20 BatchSize: 200 VocalSize: 8000 HidenSize: 500
0 69.38 0.5765 52.5839
   79.90 0.4305
1 80.19 0.4223 51.3857
   82.89 0.3857
2 84.01 0.3620 51.3956
   86.60 0.3128
3 85.84 0.3243 51.3852
   84.58 0.3622
4 87.59 0.2858 51.3884
   87.73 0.2960
5 88.84 0.2626 51.3866
   86.62 0.3250
6 90.42 0.2338 51.3852
   86.29 0.3584
7 91.68 0.2067 51.3810
   87.83 0.3133
8 92.24 0.1946 51.3893
   87.18 0.3308
9 93.19 0.1743 51.3846
   85.58 0.3906
10 93.85 0.1601 51.3856
   85.96 0.3753
11 94.64 0.1458 51.3927
   87.53 0.3336
12 94.77 0.1409 51.3874
   86.83 0.3675
13 95.52 0.1253 51.3919
   86.76 0.3610
14 96.07 0.1088 51.3871
   87.11 0.3785
15 96.03 0.1108 51.3894
   87.38 0.3748
16 96.48 0.0986 51.3908
   87.11 0.4039
17 96.66 0.0902 51.3931
   86.18 0.4195
18 96.96 0.0854 51.3895
   86.78 0.4019
19 97.24 0.0820 51.3882
   87.20 0.3771
Optmizer: adam LR: 0.001000 EpochSize: 20 BatchSize: 200 VocalSize: 8000 HidenSize: 1500
0 70.63 0.5893 283.3480
   73.54 0.5381
1 82.22 0.3908 283.3045
   84.15 0.3579
2 85.93 0.3263 283.3190
   86.70 0.3177
3 89.06 0.2634 283.3776
   87.20 0.3061
4 91.38 0.2223 283.3686
   86.46 0.3191
5 92.17 0.2005 283.3224
   86.97 0.3120
6 93.78 0.1631 283.4215
   86.54 0.3351
