----------------------------------------
Begin Torque Prologue on nid25427
at Tue Oct 22 23:36:02 CDT 2019
Job Id:			10565874.bw
Username:		tra200
Group:			TRAIN_bayw
Job name:		2a_RNN_sentiment_analysis
Requested resources:	nodes=01:ppn=16:xk,walltime=02:00:00,neednodes=01:ppn=16:xk
Queue:			normal
Account:		bayw
End Torque Prologue:  0.108 elapsed
----------------------------------------




Optmizer: sgd LR: 0.001000 EpochSize: 100 BatchSize: 200 VocalSize: 8000 HidenSize: 500
0 51.44 0.7344 52.3541
   52.05 0.7058
1 51.84 0.7012 51.1745
   53.47 0.6926
2 54.11 0.6914 51.1720
   54.07 0.6920
3 54.61 0.6885 51.1738
   55.58 0.6870
4 55.88 0.6843 51.1632
   57.50 0.6739
5 56.89 0.6783 51.1730
   58.15 0.6717
6 57.74 0.6749 51.1719
   60.12 0.6616
7 58.94 0.6688 51.1728
   60.75 0.6554
8 59.82 0.6626 51.1764
   60.74 0.6564
9 59.90 0.6590 51.1713
   62.14 0.6452
10 60.64 0.6581 51.1742
   61.94 0.6466
11 61.42 0.6493 51.1675
   63.54 0.6346
12 62.35 0.6461 51.1699
   62.53 0.6450
13 62.17 0.6484 51.1710
   62.41 0.6490
14 63.22 0.6373 51.1737
   64.86 0.6220
15 63.79 0.6340 51.1684
   65.66 0.6144
16 64.25 0.6281 51.1713
   64.02 0.6373
17 64.34 0.6287 51.1674
   66.74 0.6072
18 65.32 0.6189 51.1713
   64.86 0.6315
19 65.50 0.6177 51.1703
   67.87 0.5966
20 66.24 0.6126 51.1694
   67.80 0.5967
21 65.98 0.6123 51.1676
   69.15 0.5810
22 66.70 0.6066 51.1685
   69.63 0.5789
23 67.38 0.5978 51.1698
   69.70 0.5754
24 67.17 0.6015 51.1658
   70.36 0.5699
25 67.67 0.5946 51.1714
   70.32 0.5674
26 67.98 0.5922 51.1663
   69.86 0.5779
27 68.60 0.5867 51.1667
   71.58 0.5550
28 68.37 0.5854 51.1670
   70.84 0.5617
29 69.31 0.5796 51.1651
   71.48 0.5561
30 69.52 0.5775 51.1717
   71.30 0.5554
31 68.99 0.5793 51.1715
   70.47 0.5699
32 69.43 0.5710 51.1674
   70.01 0.5811
33 70.02 0.5680 51.1641
   73.41 0.5344
34 69.87 0.5684 51.1661
   72.65 0.5402
35 71.08 0.5603 51.1674
   73.15 0.5332
36 70.69 0.5617 51.1736
   73.34 0.5354
37 70.93 0.5625 51.1684
   71.92 0.5538
38 71.26 0.5536 51.1685
   72.83 0.5424
39 71.86 0.5482 51.1647
   73.81 0.5305
40 71.69 0.5514 51.1653
   73.04 0.5390
41 72.00 0.5453 51.1695
   74.42 0.5196
42 72.14 0.5440 51.1647
   74.03 0.5230
43 71.78 0.5447 51.1661
   74.86 0.5117
44 73.01 0.5385 51.1650
   75.17 0.5083
45 73.17 0.5314 51.1678
   74.99 0.5090
46 72.83 0.5331 51.1661
   75.60 0.5021
47 72.90 0.5338 51.1656
   75.10 0.5077
48 73.43 0.5291 51.1707
   75.31 0.5084
49 73.55 0.5254 51.1660
   75.77 0.5043
50 73.75 0.5214 51.1687
   75.61 0.5041
51 73.20 0.5271 51.1697
   74.66 0.5205
52 73.53 0.5213 51.1687
   75.30 0.5149
53 74.10 0.5169 51.1694
   76.30 0.4884
54 74.02 0.5148 51.1671
   77.08 0.4802
55 74.48 0.5111 51.1698
   75.78 0.4980
56 74.19 0.5162 51.1654
   75.63 0.5071
57 74.58 0.5108 51.1706
   77.02 0.4805
58 74.83 0.5083 51.1705
   77.17 0.4758
59 74.56 0.5092 51.1671
   77.69 0.4736
60 74.77 0.5078 51.1730
   77.00 0.4775
61 74.97 0.5045 51.1724
   77.75 0.4666
62 75.56 0.4995 51.1674
   77.35 0.4789
63 75.55 0.4953 51.1697
   77.57 0.4799
64 75.72 0.4943 51.1720
   77.14 0.4835
