----------------------------------------
Begin Torque Prologue on nid25254
at Tue Oct 22 20:51:33 CDT 2019
Job Id:			10565042.bw
Username:		tra200
Group:			TRAIN_bayw
Job name:		1b_BOW_sentiment_analysis
Requested resources:	nodes=01:ppn=16:xk,walltime=02:00:00,neednodes=01:ppn=16:xk
Queue:			normal
Account:		bayw
End Torque Prologue:  0.112 elapsed
----------------------------------------




Optmizer: adam LR: 0.001000 EpochSize: 6 BatchSize: 200 VocalSize: 100000 HidenSize: 500
0 82.56 0.3918 1.6632
   85.91 0.3298
1 85.98 0.3323 0.5588
   87.24 0.3067
2 86.57 0.3186 0.5587
   87.38 0.2996
3 87.08 0.3095 0.5586
   87.25 0.3044
4 87.45 0.3016 0.5587
   85.13 0.3336
5 87.63 0.2977 0.5589
   88.42 0.2792
Optmizer: adam LR: 0.001000 EpochSize: 10 BatchSize: 200 VocalSize: 100000 HidenSize: 10
0 76.20 0.5315 0.5641
   84.09 0.4457
1 82.96 0.4254 0.5637
   85.50 0.3651
2 83.57 0.3902 0.5636
   84.66 0.3556
3 83.69 0.3788 0.5636
   82.88 0.3785
4 83.81 0.3709 0.5636
   85.12 0.3477
5 84.15 0.3713 0.5637
   86.38 0.3177
6 84.17 0.3671 0.5636
   86.42 0.3222
7 84.37 0.3656 0.5638
   85.86 0.3244
8 84.42 0.3640 0.5636
   86.24 0.3311
9 84.28 0.3621 0.5636
   86.67 0.3149
Optmizer: adam LR: 0.001000 EpochSize: 20 BatchSize: 200 VocalSize: 100000 HidenSize: 1500
0 83.31 0.3777 0.5827
   85.89 0.3305
1 86.27 0.3243 0.5789
   84.59 0.3498
2 87.03 0.3129 0.5788
   85.02 0.3413
3 87.14 0.3055 0.5790
   77.36 0.4871
4 87.49 0.2995 0.5790
   86.32 0.3101
5 87.96 0.2904 0.5787
   89.17 0.2661
6 88.15 0.2839 0.5789
   87.27 0.2928
7 88.50 0.2771 0.5790
   89.63 0.2544
8 88.73 0.2742 0.5790
   89.21 0.2617
9 89.04 0.2668 0.5789
   87.76 0.2896
10 89.24 0.2623 0.5790
   89.31 0.2598
11 89.63 0.2572 0.5790
   79.91 0.4554
12 89.54 0.2504 0.5789
   90.44 0.2312
13 89.90 0.2464 0.5791
   80.98 0.4286
14 90.20 0.2385 0.5789
   88.80 0.2653
15 90.57 0.2330 0.5791
   87.98 0.2726
16 90.84 0.2281 0.5791
   70.77 0.7285
17 90.62 0.2275 0.5789
   84.64 0.3428
18 91.34 0.2181 0.5789
   87.75 0.2755
19 91.50 0.2125 0.5790
   92.59 0.1939
Optmizer: sgd LR: 0.001000 EpochSize: 100 BatchSize: 500 VocalSize: 100000 HidenSize: 500
0 59.95 0.6633 0.2402
   71.43 0.6664
1 72.50 0.5841 0.2386
   76.32 0.5545
2 75.75 0.5390 0.2386
   78.48 0.5106
3 77.81 0.5050 0.2387
   79.79 0.4805
4 78.84 0.4807 0.2386
   80.83 0.4574
5 79.78 0.4634 0.2386
   81.38 0.4406
6 80.38 0.4489 0.2385
   81.75 0.4279
7 80.68 0.4376 0.2385
   82.21 0.4167
8 80.90 0.4298 0.2385
   82.52 0.4080
9 81.52 0.4209 0.2388
   82.79 0.4013
10 81.92 0.4126 0.2386
   83.07 0.3952
11 81.89 0.4104 0.2386
   83.28 0.3899
12 82.48 0.4027 0.2386
   83.52 0.3844
13 82.45 0.4002 0.2386
   83.73 0.3808
14 82.80 0.3939 0.2385
   83.84 0.3759
15 83.18 0.3905 0.2386
   84.13 0.3722
16 83.03 0.3895 0.2386
   84.26 0.3687
17 83.42 0.3839 0.2387
   84.39 0.3653
18 83.62 0.3815 0.2386
   84.60 0.3624
19 83.53 0.3803 0.2387
   84.79 0.3593
20 83.55 0.3783 0.2386
   84.93 0.3571
21 83.85 0.3731 0.2388
   84.96 0.3551
22 83.94 0.3722 0.2385
   85.16 0.3521
23 84.14 0.3688 0.2385
   85.24 0.3503
24 84.34 0.3673 0.2385
   85.24 0.3486
25 84.25 0.3673 0.2388
   85.41 0.3464
26 84.56 0.3617 0.2385
   85.50 0.3442
27 84.42 0.3619 0.2387
   85.58 0.3423
28 84.76 0.3599 0.2386
   85.64 0.3408
29 84.52 0.3587 0.2387
   85.70 0.3395
30 84.70 0.3577 0.2385
   85.78 0.3376
31 84.83 0.3554 0.2387
   85.93 0.3358
32 84.74 0.3573 0.2387
   85.92 0.3346
33 85.01 0.3526 0.2387
   86.01 0.3336
34 84.99 0.3532 0.2386
   86.07 0.3333
35 84.96 0.3517 0.2387
   86.18 0.3305
36 85.14 0.3490 0.2387
   86.25 0.3290
37 84.99 0.3503 0.2387
   86.30 0.3285
38 84.98 0.3489 0.2385
   86.31 0.3273
39 85.16 0.3479 0.2385
   86.44 0.3260
40 85.18 0.3459 0.2386
   86.49 0.3243
41 85.35 0.3447 0.2386
   86.56 0.3243
42 85.44 0.3412 0.2386
   86.58 0.3232
43 85.41 0.3418 0.2386
   86.64 0.3218
44 85.37 0.3438 0.2386
   86.62 0.3213
45 85.66 0.3399 0.2386
   86.82 0.3199
46 85.76 0.3398 0.2386
   86.86 0.3192
47 85.58 0.3384 0.2387
   86.77 0.3185
48 85.70 0.3397 0.2386
   86.84 0.3185
49 85.70 0.3383 0.2389
   86.96 0.3162
50 85.71 0.3348 0.2398
   86.72 0.3174
51 85.90 0.3345 0.2397
   86.91 0.3153
52 86.04 0.3327 0.2398
   87.03 0.3140
53 85.77 0.3347 0.2399
   86.98 0.3162
54 86.00 0.3349 0.2397
   86.94 0.3129
55 86.12 0.3326 0.2398
   87.05 0.3124
56 85.92 0.3325 0.2397
   87.16 0.3112
57 85.86 0.3312 0.2397
   87.23 0.3104
58 86.25 0.3311 0.2398
   87.01 0.3111
59 86.14 0.3301 0.2397
   87.10 0.3096
60 86.15 0.3293 0.2397
   87.26 0.3089
61 86.15 0.3266 0.2399
   87.37 0.3076
62 86.03 0.3303 0.2398
   87.40 0.3073
63 86.12 0.3265 0.2398
   87.21 0.3077
64 86.28 0.3273 0.2397
   87.34 0.3062
65 86.23 0.3274 0.2398
   87.39 0.3057
66 86.44 0.3246 0.2398
   87.31 0.3059
67 86.30 0.3243 0.2397
   87.44 0.3044
68 86.47 0.3245 0.2398
   87.54 0.3038
69 86.28 0.3246 0.2397
   87.51 0.3030
70 86.28 0.3240 0.2397
   87.64 0.3024
71 86.42 0.3235 0.2398
   87.48 0.3029
72 86.64 0.3225 0.2398
   87.51 0.3017
73 86.38 0.3239 0.2397
   87.66 0.3009
74 86.71 0.3188 0.2395
   87.70 0.3002
75 86.58 0.3211 0.2397
   87.72 0.3000
76 86.34 0.3213 0.2396
   87.76 0.2996
77 86.66 0.3177 0.2398
   87.68 0.3002
78 86.42 0.3208 0.2398
   87.49 0.3013
79 86.60 0.3178 0.2398
   87.83 0.2980
80 86.50 0.3190 0.2396
   87.82 0.2977
81 86.78 0.3181 0.2398
   87.83 0.2972
82 86.63 0.3197 0.2396
   87.69 0.2990
83 86.89 0.3149 0.2397
   87.86 0.2965
84 86.90 0.3151 0.2397
   87.78 0.2969
85 86.66 0.3169 0.2398
   87.88 0.2954
86 86.62 0.3151 0.2397
   87.80 0.2967
87 86.82 0.3144 0.2399
   87.79 0.2966
88 86.90 0.3122 0.2398
   87.88 0.2952
89 86.81 0.3168 0.2400
   87.89 0.2941
90 86.96 0.3141 0.2400
   88.02 0.2939
91 86.78 0.3140 0.2399
   88.03 0.2927
92 86.66 0.3164 0.2398
   87.99 0.2928
93 86.75 0.3136 0.2398
   88.06 0.2924
94 86.79 0.3127 0.2399
   87.96 0.2931
95 86.94 0.3117 0.2399
   88.02 0.2915
96 86.99 0.3110 0.2398
   88.14 0.2906
97 86.91 0.3127 0.2400
   88.08 0.2899
98 87.00 0.3096 0.2399
   88.12 0.2898
99 87.05 0.3098 0.2398
   88.17 0.2893
Application 81580848 resources: utime ~215s, stime ~27s, Rss ~2056836, inblocks ~2657768, outblocks ~6135
