----------------------------------------
Begin Torque Prologue on nid27559
at Sun Oct 20 21:13:39 CDT 2019
Job Id:			10560240.bw
Username:		tra200
Group:			TRAIN_bayw
Job name:		1b_BOW_sentiment_analysis
Requested resources:	nodes=01:ppn=16:xk,walltime=02:00:00,neednodes=01:ppn=16:xk
Queue:			normal
Account:		bayw
End Torque Prologue:  0.109 elapsed
----------------------------------------




Optmizer: adam LR: 0.001000 EpochSize: 6 BatchSize: 200 VocalSize: 100000 HidenSize: 500
0 82.51 0.3917 1.6685
   85.93 0.3290
1 85.94 0.3321 0.5599
   87.02 0.3073
2 86.57 0.3190 0.5600
   87.42 0.3009
3 86.79 0.3106 0.5602
   87.99 0.2898
4 87.36 0.3049 0.5600
   87.34 0.3004
5 87.60 0.2988 0.5600
   88.41 0.2796
Optmizer: adam LR: 0.001000 EpochSize: 6 BatchSize: 200 VocalSize: 100000 HidenSize: 300
0 82.41 0.3987 0.5733
   85.24 0.3423
1 85.74 0.3363 0.5728
   86.54 0.3199
2 86.48 0.3205 0.5730
   82.40 0.3985
3 86.64 0.3163 0.5728
   87.19 0.3024
4 87.30 0.3069 0.5728
   87.75 0.2964
5 87.38 0.3020 0.5729
   87.78 0.2916
Optmizer: adam LR: 0.001000 EpochSize: 10 BatchSize: 200 VocalSize: 100000 HidenSize: 800
0 83.27 0.3823 0.5708
   85.18 0.3404
1 85.94 0.3301 0.5693
   83.42 0.3717
2 86.61 0.3173 0.5694
   86.68 0.3124
3 87.12 0.3081 0.5694
   87.34 0.3005
4 87.28 0.3011 0.5691
   81.53 0.4119
5 87.62 0.2942 0.5696
   88.68 0.2755
6 88.10 0.2887 0.5691
   85.68 0.3208
7 88.38 0.2837 0.5692
   84.94 0.3388
8 88.33 0.2796 0.5693
   88.51 0.2741
9 88.67 0.2787 0.5693
   89.82 0.2510
Optmizer: adam LR: 0.001000 EpochSize: 10 BatchSize: 500 VocalSize: 100000 HidenSize: 800
0 81.07 0.4140 0.2706
   83.93 0.4726
1 85.90 0.3348 0.2679
   86.01 0.3277
2 86.57 0.3171 0.2678
   87.42 0.3008
3 87.08 0.3061 0.2678
   88.01 0.2918
4 87.59 0.2992 0.2678
   87.49 0.2946
5 87.64 0.2940 0.2676
   82.80 0.3868
6 88.21 0.2856 0.2679
   82.54 0.3754
7 88.22 0.2829 0.2677
   88.98 0.2699
8 88.68 0.2755 0.2676
   89.31 0.2618
9 89.16 0.2691 0.2677
   84.16 0.3571
Application 81562768 resources: utime ~174s, stime ~25s, Rss ~2056768, inblocks ~2657768, outblocks ~5859
