----------------------------------------
Begin Torque Prologue on nid25431
at Fri Oct 25 15:23:47 CDT 2019
Job Id:			10571832.bw
Username:		tra200
Group:			TRAIN_bayw
Job name:		3b_generate_review
Requested resources:	nodes=01:ppn=16:xk,walltime=01:00:00,neednodes=01:ppn=16:xk
Queue:			normal
Account:		bayw
End Torque Prologue:  0.107 elapsed
----------------------------------------




model loaded...
a shot for ages ( and just plain dull ) , and then knocks to the highway to a party which is almost really irritating for most unknown children ' efforts . it is like seeing watching the funny when the aliens start discussing a gangster with the body fighting . i also decide to try and buy a fighter on a comedy , i would say that this movie should be a bunch of stuff , menace ! also , a few chasing stores , that are just awesome ... i want you to think that this very good old man has a crush on you '' , `` do n't pack this years '' . he 's also a very good actor . i recommend this movie to knox boy fan , if you want a better film . if you are a al pacino fan and have no 
i had my oldest assistant to remember it and was looking forward to seeing what i was immediately with . he tried to get to his parents from this film and showed his regular annoying rear chest and changing like one else . so this show could have used a new spin on it , put a bit of ease on how they could get rid of that . but art had no scientific action and real explosive characters . nothing just happens . the town was better than most movies they had on his shoulders . altogether a shame though that in short it is comedy . easy , but still as a fan of great bollywood series . how about a third man who finished it -- and i strongly recommend they catch my own earlier movies . william holden has created a terrific musical , but really got 
model loaded...
a great film , and the story is very good . i think it 's a great movie for kids . it is really a great movie . the acting is superb , the story is great , and it 's fun to watch , even though i love the movie . it 's a great movie with great acting , great story line and great actors . for a movie that is supposed to be a comedy , it 's not . this movie has a good cast , and a great cast . i liked the first scene , but the movie is so good that it 's funny . i wish i had n't seen it , but i have to admit i thought it was a great movie . i loved it . i love the ending . i do n't want to spoil the movie for 
i was not bothered with the movie , but i was n't disappointed . i was n't disappointed . the ending was very good , even though i had seen it before . i was surprised to find that the whole movie was just as boring as the first one . they did n't even bother to go into the theater . i kept waiting for something to happen . i was hoping for a surprise ending . i just wanted to say that i was n't disappointed . i did n't like the first two movies . i am a big fan of the genre . i was so bored that i could n't stop laughing . the acting was terrible , the script was horrible , the acting was horrible . the acting was bad . the story was crap . the acting was bad . the plot was 
model loaded...
a movie that has a lot of potential . the story is about a young girl who is trying to get her husband to marry her . she is a young girl who has been kidnapped by a young man who has been killed by a mysterious man . the movie is a very good movie , with a great cast . the actors are great , the story is great and the acting is great . the acting is great . the story is great . the acting is great . the story is great . the acting is great . the story is great . the characters are very well developed and the story is very well done . i really enjoyed this movie . i recommend it to anyone who likes to watch a movie with a great story and great acting . i love the music , 
i 'm not sure if i 'm a big fan of the original , but i think it 's a great movie . i have to admit that i have seen it many times and it still holds up . the acting is great , the movie is very good and the characters are very well developed . i think the movie is a great movie to watch with your friends and friends . it 's a great movie , and i recommend it to anyone . it is a great movie to watch . i have seen it several times and i still love it . i have always enjoyed the movie and it 's a great movie . i love the music and the music . i love the music and the music . i love the music and the music . i love the music and the music 
Application 81597455 resources: utime ~6s, stime ~22s, Rss ~1509740, inblocks ~836473, outblocks ~975
