----------------------------------------
Begin Torque Prologue on nid27562
at Fri Oct 25 21:46:40 CDT 2019
Job Id:			10573419.bw
Username:		tra200
Group:			TRAIN_bayw
Job name:		3c_RNN_sentiment_analysis
Requested resources:	nodes=01:ppn=16:xk,walltime=12:00:00,neednodes=01:ppn=16:xk
Queue:			normal
Account:		bayw
End Torque Prologue:  0.117 elapsed
----------------------------------------




Optmizer: adam LR: 0.001000 EpochSize: 20 BatchSize: 200 VocalSize: 8000 HidenSize: 500
0 79.01 0.4432 181.8975
   87.56 0.2973
1 83.99 0.3620 180.5175
   89.79 0.2579
2 84.68 0.3455 180.6307
   90.51 0.2371
3 85.17 0.3336 180.6037
   89.56 0.2537
4 85.88 0.3200 180.6154
   90.79 0.2267
5 86.66 0.3083 180.4841
   90.67 0.2299
6 87.34 0.2905 180.5882
   90.99 0.2245
7 87.98 0.2774 180.6823
   91.12 0.2227
8 88.37 0.2728 180.5858
   91.12 0.2218
9 88.92 0.2625 180.5557
   90.54 0.2390
10 89.39 0.2506 180.5818
   91.18 0.2282
11 89.29 0.2525 180.5022
   90.97 0.2303
12 90.27 0.2336 180.5746
   90.40 0.2435
13 90.37 0.2307 180.5809
   90.35 0.2500
14 90.42 0.2256 180.5096
   90.55 0.2405
15 91.48 0.2076 180.5211
   89.46 0.2715
16 91.44 0.2099 180.6105
   91.05 0.2400
17 91.82 0.2016 180.6100
   90.80 0.2434
18 91.91 0.1958 180.5994
   90.72 0.2511
19 92.22 0.1875 180.5663
   90.66 0.2655
Optmizer: adam LR: 0.001000 EpochSize: 20 BatchSize: 200 VocalSize: 8000 HidenSize: 1500
0 78.69 0.4437 186.4390
   87.28 0.3030
1 83.50 0.3667 186.4170
   90.03 0.2528
2 84.52 0.3491 186.4614
   90.50 0.2391
3 85.60 0.3295 186.3608
   90.66 0.2381
4 85.61 0.3276 186.4164
   90.38 0.2403
5 86.58 0.3116 186.4734
   91.11 0.2236
6 86.96 0.3005 186.4768
   90.38 0.2323
7 87.53 0.2882 186.4285
   89.74 0.2472
8 88.37 0.2720 186.6004
   90.79 0.2288
9 88.88 0.2617 186.4886
   91.02 0.2231
10 89.10 0.2570 186.4799
   90.42 0.2411
11 90.07 0.2381 186.4912
   89.71 0.2639
12 89.87 0.2405 186.5442
   90.77 0.2363
13 90.15 0.2360 186.4751
   90.33 0.2464
14 91.14 0.2186 186.4436
   90.56 0.2380
15 90.92 0.2155 186.4608
   91.08 0.2400
16 91.74 0.2008 186.4767
   90.64 0.2471
17 92.02 0.1949 186.4837
   90.48 0.2421
18 92.20 0.1963 186.3952
   90.97 0.2427
19 92.20 0.1892 186.5530
   90.32 0.2600
Optmizer: sgd LR: 0.001000 EpochSize: 100 BatchSize: 200 VocalSize: 8000 HidenSize: 500
0 58.60 0.6695 186.3787
   66.75 0.6162
1 68.52 0.5967 186.4102
   72.28 0.5613
2 71.75 0.5634 186.4992
   74.41 0.5301
3 72.34 0.5464 186.4298
   75.79 0.5118
4 73.45 0.5318 186.4384
   75.14 0.5099
5 74.36 0.5220 186.4440
   76.59 0.4928
6 74.28 0.5202 186.4720
   78.10 0.4726
7 74.58 0.5127 186.5473
   76.88 0.4810
8 75.32 0.5039 186.3514
   78.88 0.4588
9 75.70 0.4991 186.4189
   78.26 0.4661
10 76.58 0.4921 186.4815
   80.46 0.4344
11 76.48 0.4862 186.3934
   80.35 0.4330
12 76.71 0.4847 186.4299
   80.92 0.4290
13 77.28 0.4828 186.4033
   81.29 0.4159
14 77.50 0.4798 186.4240
   81.49 0.4151
15 77.86 0.4757 186.4490
   81.95 0.4101
16 77.65 0.4717 186.4806
   81.90 0.4144
17 78.19 0.4661 186.4036
   82.54 0.3980
18 78.09 0.4662 186.4866
   82.84 0.3965
19 78.30 0.4680 186.4712
   83.37 0.3912
20 78.24 0.4655 186.4901
   82.70 0.3981
21 78.56 0.4618 186.5070
   80.70 0.4280
22 78.31 0.4611 186.4696
   83.41 0.3900
23 78.69 0.4626 186.4062
   82.00 0.4025
24 78.80 0.4558 186.4727
   83.48 0.3872
25 78.79 0.4572 186.3898
   83.78 0.3805
26 79.02 0.4528 186.4867
   83.96 0.3814
27 78.96 0.4538 186.4813
   83.09 0.3904
28 79.16 0.4497 186.4368
   83.34 0.3830
29 79.16 0.4488 186.4219
   84.00 0.3751
30 79.52 0.4451 186.4141
   83.72 0.3759
31 79.56 0.4430 186.4570
   83.68 0.3791
32 79.58 0.4450 186.4073
   84.31 0.3655
33 79.57 0.4392 186.4701
   84.65 0.3619
34 80.21 0.4350 186.4646
   85.00 0.3565
35 79.88 0.4392 186.4206
   84.43 0.3682
36 79.73 0.4429 186.5175
   84.26 0.3642
37 80.06 0.4372 186.4131
   85.09 0.3560
38 80.18 0.4313 186.4400
   85.29 0.3543
39 79.88 0.4353 186.4482
   85.13 0.3502
40 80.41 0.4328 186.5235
   85.52 0.3488
41 80.29 0.4345 186.4495
   85.33 0.3489
42 80.26 0.4326 186.3609
   85.09 0.3524
43 80.30 0.4298 186.4893
   85.16 0.3538
44 80.03 0.4317 186.3580
   84.92 0.3580
45 80.51 0.4300 186.4087
   85.40 0.3458
46 80.28 0.4298 186.5294
   85.69 0.3428
47 80.46 0.4282 186.4862
   85.80 0.3425
48 80.49 0.4285 186.4542
   84.37 0.3670
49 80.64 0.4217 186.4298
   86.11 0.3349
50 80.74 0.4234 186.4935
   85.82 0.3407
51 80.88 0.4225 186.3779
   85.46 0.3468
52 80.69 0.4264 186.4880
   85.81 0.3376
53 80.81 0.4196 186.4679
   86.12 0.3324
54 80.66 0.4263 186.4942
   85.83 0.3386
55 80.70 0.4246 186.4797
   86.31 0.3313
56 80.61 0.4233 186.4413
   85.76 0.3438
57 81.21 0.4160 186.3989
   82.62 0.3886
58 80.96 0.4197 186.5063
   85.86 0.3395
59 80.58 0.4215 186.4808
   85.68 0.3444
60 81.18 0.4155 186.5822
   86.25 0.3287
61 81.03 0.4169 186.4996
   85.24 0.3469
62 81.21 0.4161 186.3579
   86.22 0.3288
63 81.26 0.4148 186.4680
   86.49 0.3271
64 81.17 0.4131 186.4220
   86.15 0.3298
65 81.66 0.4100 186.3956
   86.39 0.3260
66 81.53 0.4129 186.5342
   86.78 0.3200
67 81.47 0.4126 186.4599
   86.54 0.3230
68 81.25 0.4136 186.4391
   86.69 0.3203
69 81.54 0.4088 186.3904
   86.70 0.3238
70 81.62 0.4070 186.4610
   86.75 0.3229
71 81.45 0.4094 186.4658
   85.93 0.3371
72 81.45 0.4088 186.4673
   86.84 0.3207
73 81.24 0.4100 186.4637
   86.32 0.3261
74 81.68 0.4088 186.4798
   86.22 0.3248
75 81.48 0.4060 186.5508
   87.00 0.3172
76 81.17 0.4120 186.4999
   87.08 0.3161
77 81.85 0.4032 186.4316
   86.64 0.3224
78 82.04 0.4005 186.4892
   86.93 0.3159
79 81.98 0.4012 186.4656
   87.08 0.3119
80 81.66 0.4079 186.3794
   86.84 0.3179
81 81.74 0.4073 186.4473
   86.52 0.3236
82 81.86 0.4043 186.5293
   87.21 0.3143
