----------------------------------------
Begin Torque Prologue on nid25259
at Sun Oct 20 22:05:04 CDT 2019
Job Id:			10560309.bw
Username:		tra200
Group:			TRAIN_bayw
Job name:		2b_RNN_sentiment_analysis
Requested resources:	nodes=01:ppn=16:xk,walltime=02:00:00,neednodes=01:ppn=16:xk
Queue:			normal
Account:		bayw
End Torque Prologue:  0.110 elapsed
----------------------------------------




Optmizer: adam LR: 0.001000 EpochSize: 6 BatchSize: 200 VocalSize: 100000 HidenSize: 500
0 76.25 0.4898 42.5968
1 80.98 0.4133 41.4101
2 81.94 0.3940 41.3750
   82.46 0.3898
3 83.36 0.3696 41.3745
4 84.32 0.3569 41.4304
5 84.56 0.3528 41.4775
   85.21 0.3368
Optmizer: adam LR: 0.001000 EpochSize: 6 BatchSize: 200 VocalSize: 100000 HidenSize: 300
0 75.48 0.4922 40.1799
1 80.72 0.4187 38.9362
2 82.26 0.3941 38.9412
   82.87 0.3805
3 83.22 0.3763 38.9543
4 83.47 0.3643 38.9737
5 84.13 0.3567 38.9804
   84.62 0.3453
Optmizer: adam LR: 0.001000 EpochSize: 10 BatchSize: 200 VocalSize: 100000 HidenSize: 800
0 77.16 0.4807 66.0773
1 81.52 0.4110 65.3531
2 82.50 0.3845 65.3315
   84.12 0.3635
3 83.45 0.3673 65.4143
4 83.80 0.3618 65.4064
5 85.07 0.3421 65.3695
   86.01 0.3288
6 85.25 0.3323 65.3889
7 85.74 0.3245 65.4739
8 86.86 0.3071 65.4213
   88.05 0.2865
9 86.78 0.3027 65.4412
Optmizer: adam LR: 0.001000 EpochSize: 10 BatchSize: 500 VocalSize: 100000 HidenSize: 800
0 75.48 0.5065 48.4982
1 81.44 0.4125 47.6213
2 82.12 0.3967 47.5810
   83.49 0.3698
3 83.46 0.3727 47.6382
4 84.05 0.3626 47.6519
5 84.76 0.3426 47.6047
   85.64 0.3309
6 85.26 0.3360 47.6651
7 86.28 0.3174 47.6879
8 85.98 0.3149 47.6388
   87.31 0.2945
9 86.59 0.3084 47.6773
Application 81563038 resources: utime ~1612s, stime ~311s, Rss ~2097840, inblocks ~2688465, outblocks ~90408
Application 81563133 exit codes: 1
Application 81563133 resources: utime ~62s, stime ~39s, Rss ~1880276, inblocks ~718677, outblocks ~3
