----------------------------------------
Begin Torque Prologue on nid25426
at Tue Oct 22 23:36:02 CDT 2019
Job Id:			10565876.bw
Username:		tra200
Group:			TRAIN_bayw
Job name:		2b_RNN_sentiment_analysis
Requested resources:	nodes=01:ppn=16:xk,walltime=02:00:00,neednodes=01:ppn=16:xk
Queue:			normal
Account:		bayw
End Torque Prologue:  0.111 elapsed
----------------------------------------




Optmizer: sgd LR: 0.001000 EpochSize: 100 BatchSize: 200 VocalSize: 100000 HidenSize: 500
0 54.39 0.7162 42.4641
   58.68 0.6757
1 60.88 0.6558 41.2707
   65.10 0.6240
2 64.96 0.6222 41.3277
   67.92 0.5946
3 68.12 0.5920 41.3431
   72.00 0.5492
4 70.46 0.5679 41.3874
   73.37 0.5319
5 71.69 0.5501 41.4195
   74.83 0.5132
6 72.33 0.5434 41.4400
   75.40 0.5037
7 73.55 0.5282 41.4521
   76.42 0.4930
8 73.98 0.5241 41.4713
   76.00 0.4952
9 74.44 0.5161 41.4806
   76.56 0.4859
10 74.81 0.5131 41.4853
   77.97 0.4667
11 75.62 0.5006 41.5039
   78.57 0.4576
12 75.72 0.4982 41.5488
   77.80 0.4694
13 75.68 0.5004 41.5133
   78.94 0.4523
14 75.88 0.4935 41.5141
   79.70 0.4385
15 76.20 0.4876 41.5161
   79.64 0.4403
16 76.45 0.4862 41.5360
   79.43 0.4462
17 76.97 0.4790 41.5716
   79.54 0.4481
18 76.89 0.4790 41.5635
   78.63 0.4553
19 77.12 0.4762 41.5693
   80.37 0.4294
20 77.54 0.4710 41.5824
   80.40 0.4332
21 77.52 0.4707 41.5971
   81.11 0.4190
22 77.80 0.4652 41.5856
   81.52 0.4094
23 77.54 0.4682 41.6103
   81.51 0.4120
24 78.17 0.4628 41.6105
   81.76 0.4053
25 78.04 0.4644 41.5689
   81.66 0.4110
26 78.20 0.4591 41.6145
   81.14 0.4142
27 78.56 0.4530 41.5710
   80.61 0.4214
28 77.82 0.4607 41.5732
   82.40 0.3969
29 78.66 0.4566 41.5871
   80.48 0.4219
30 78.92 0.4487 41.5880
   82.92 0.3854
31 79.12 0.4449 41.6343
   82.72 0.3838
32 79.44 0.4392 41.6481
   83.02 0.3821
33 79.15 0.4364 41.6211
   83.76 0.3720
34 79.52 0.4355 41.6538
   83.51 0.3769
35 79.73 0.4355 41.6440
   83.83 0.3693
36 79.78 0.4316 41.6572
   83.85 0.3699
37 79.59 0.4345 41.6675
   83.97 0.3705
38 79.88 0.4333 41.6742
   84.22 0.3668
39 80.21 0.4294 41.6651
   84.13 0.3614
40 79.70 0.4349 41.6690
   83.86 0.3638
41 80.42 0.4243 41.7079
   84.04 0.3633
42 80.16 0.4268 41.7165
   82.73 0.3875
43 80.21 0.4256 41.7296
   84.23 0.3587
44 80.44 0.4223 41.6880
   84.52 0.3583
45 80.60 0.4219 41.6941
   84.50 0.3536
46 80.08 0.4256 41.7194
   84.56 0.3550
47 80.52 0.4187 41.7291
   84.58 0.3534
48 80.35 0.4243 41.7326
   84.42 0.3545
49 80.66 0.4202 41.7142
   85.01 0.3514
50 80.61 0.4181 41.7117
   83.07 0.3844
51 80.19 0.4183 41.7032
