----------------------------------------
Begin Torque Prologue on nid27637
at Tue Oct 22 20:51:34 CDT 2019
Job Id:			10565047.bw
Username:		tra200
Group:			TRAIN_bayw
Job name:		2b_RNN_sentiment_analysis
Requested resources:	nodes=01:ppn=16:xk,walltime=02:00:00,neednodes=01:ppn=16:xk
Queue:			normal
Account:		bayw
End Torque Prologue:  0.161 elapsed
----------------------------------------




Optmizer: adam LR: 0.001000 EpochSize: 20 BatchSize: 200 VocalSize: 100000 HidenSize: 500
0 76.78 0.4771 42.5763
1 81.25 0.4067 41.3808
2 82.88 0.3789 41.4179
   87.46 0.2999
3 83.54 0.3626 41.4435
4 84.32 0.3498 41.4727
5 85.20 0.3325 41.4544
   88.97 0.2716
6 85.80 0.3230 41.4826
7 86.26 0.3144 41.4694
8 86.26 0.3091 41.4786
   89.42 0.2628
9 87.43 0.2907 41.5258
10 87.77 0.2854 41.5422
11 88.33 0.2706 41.5354
   89.92 0.2692
12 89.05 0.2577 41.5690
13 89.36 0.2540 41.6028
14 89.64 0.2446 41.5861
   89.84 0.2872
15 90.23 0.2370 41.5679
16 90.48 0.2315 41.5603
17 90.84 0.2214 41.5635
   89.46 0.2896
18 91.36 0.2119 41.5911
19 91.86 0.2012 41.5925
Optmizer: adam LR: 0.001000 EpochSize: 20 BatchSize: 200 VocalSize: 100000 HidenSize: 1500
0 76.48 0.4926 157.4244
1 81.56 0.3994 157.3759
2 83.07 0.3739 157.3661
   86.13 0.3371
3 83.10 0.3706 157.4289
4 84.37 0.3498 157.4828
5 85.22 0.3329 157.4869
   86.69 0.3484
6 86.25 0.3147 157.5857
7 86.76 0.3053 157.5013
8 87.64 0.2887 157.5789
   89.44 0.2812
9 88.23 0.2758 157.5205
10 88.58 0.2702 157.5599
11 88.72 0.2631 157.5966
   90.05 0.3055
12 89.63 0.2489 157.5772
13 90.00 0.2421 157.5743
14 90.61 0.2290 157.6348
   88.76 0.3313
15 90.86 0.2260 157.6384
16 91.68 0.2049 157.6039
17 91.73 0.2033 157.6237
   88.71 0.3677
18 92.40 0.1927 157.6626
19 92.40 0.1849 157.7263
Optmizer: sgd LR: 0.001000 EpochSize: 100 BatchSize: 200 VocalSize: 100000 HidenSize: 500
0 53.50 0.7281 42.9270
1 60.15 0.6635 42.8927
2 64.16 0.6284 42.8784
   66.03 0.6127
3 67.65 0.5974 42.9440
4 69.95 0.5762 42.9179
5 71.00 0.5565 42.9455
   74.72 0.5117
6 72.20 0.5459 42.9833
7 72.88 0.5402 43.0118
8 73.76 0.5228 43.0142
   76.91 0.4860
9 74.00 0.5255 43.0409
